{"C:\\Users\\Usuario\\Downloads\\comedor-grupoavika\\js\\utils\\common-utils.js": {"path":"C:\\Users\\Usuario\\Downloads\\comedor-grupoavika\\js\\utils\\common-utils.js","statementMap":{"0":{"start":{"line":5,"column":20},"end":{"line":793,"column":4}},"1":{"start":{"line":9,"column":22},"end":{"line":59,"column":5}},"2":{"start":{"line":67,"column":12},"end":{"line":67,"column":71}},"3":{"start":{"line":68,"column":12},"end":{"line":68,"column":75}},"4":{"start":{"line":69,"column":12},"end":{"line":69,"column":69}},"5":{"start":{"line":70,"column":12},"end":{"line":70,"column":79}},"6":{"start":{"line":79,"column":12},"end":{"line":86,"column":13}},"7":{"start":{"line":80,"column":16},"end":{"line":80,"column":75}},"8":{"start":{"line":81,"column":16},"end":{"line":85,"column":17}},"9":{"start":{"line":82,"column":20},"end":{"line":82,"column":71}},"10":{"start":{"line":83,"column":20},"end":{"line":83,"column":47}},"11":{"start":{"line":84,"column":20},"end":{"line":84,"column":27}},"12":{"start":{"line":88,"column":12},"end":{"line":88,"column":52}},"13":{"start":{"line":89,"column":12},"end":{"line":89,"column":54}},"14":{"start":{"line":91,"column":12},"end":{"line":95,"column":13}},"15":{"start":{"line":92,"column":16},"end":{"line":94,"column":29}},"16":{"start":{"line":93,"column":20},"end":{"line":93,"column":61}},"17":{"start":{"line":104,"column":12},"end":{"line":110,"column":13}},"18":{"start":{"line":105,"column":16},"end":{"line":105,"column":79}},"19":{"start":{"line":106,"column":16},"end":{"line":109,"column":17}},"20":{"start":{"line":107,"column":20},"end":{"line":107,"column":53}},"21":{"start":{"line":108,"column":20},"end":{"line":108,"column":27}},"22":{"start":{"line":112,"column":12},"end":{"line":112,"column":54}},"23":{"start":{"line":113,"column":12},"end":{"line":113,"column":56}},"24":{"start":{"line":115,"column":12},"end":{"line":119,"column":13}},"25":{"start":{"line":116,"column":16},"end":{"line":118,"column":29}},"26":{"start":{"line":117,"column":20},"end":{"line":117,"column":63}},"27":{"start":{"line":128,"column":12},"end":{"line":134,"column":13}},"28":{"start":{"line":129,"column":16},"end":{"line":129,"column":73}},"29":{"start":{"line":130,"column":16},"end":{"line":133,"column":17}},"30":{"start":{"line":131,"column":20},"end":{"line":131,"column":50}},"31":{"start":{"line":132,"column":20},"end":{"line":132,"column":27}},"32":{"start":{"line":136,"column":12},"end":{"line":136,"column":51}},"33":{"start":{"line":137,"column":12},"end":{"line":137,"column":53}},"34":{"start":{"line":139,"column":12},"end":{"line":143,"column":13}},"35":{"start":{"line":140,"column":16},"end":{"line":142,"column":29}},"36":{"start":{"line":141,"column":20},"end":{"line":141,"column":60}},"37":{"start":{"line":151,"column":12},"end":{"line":157,"column":13}},"38":{"start":{"line":152,"column":16},"end":{"line":152,"column":83}},"39":{"start":{"line":153,"column":16},"end":{"line":156,"column":17}},"40":{"start":{"line":154,"column":20},"end":{"line":154,"column":63}},"41":{"start":{"line":155,"column":20},"end":{"line":155,"column":27}},"42":{"start":{"line":159,"column":12},"end":{"line":159,"column":77}},"43":{"start":{"line":169,"column":31},"end":{"line":169,"column":45}},"44":{"start":{"line":171,"column":12},"end":{"line":197,"column":13}},"45":{"start":{"line":172,"column":16},"end":{"line":194,"column":17}},"46":{"start":{"line":175,"column":24},"end":{"line":175,"column":101}},"47":{"start":{"line":176,"column":24},"end":{"line":176,"column":30}},"48":{"start":{"line":178,"column":24},"end":{"line":178,"column":73}},"49":{"start":{"line":179,"column":24},"end":{"line":179,"column":30}},"50":{"start":{"line":181,"column":24},"end":{"line":181,"column":102}},"51":{"start":{"line":182,"column":24},"end":{"line":182,"column":30}},"52":{"start":{"line":184,"column":24},"end":{"line":184,"column":89}},"53":{"start":{"line":185,"column":24},"end":{"line":185,"column":30}},"54":{"start":{"line":187,"column":24},"end":{"line":187,"column":94}},"55":{"start":{"line":188,"column":24},"end":{"line":188,"column":30}},"56":{"start":{"line":190,"column":24},"end":{"line":190,"column":89}},"57":{"start":{"line":191,"column":24},"end":{"line":191,"column":30}},"58":{"start":{"line":193,"column":24},"end":{"line":193,"column":77}},"59":{"start":{"line":195,"column":19},"end":{"line":197,"column":13}},"60":{"start":{"line":196,"column":16},"end":{"line":196,"column":69}},"61":{"start":{"line":199,"column":12},"end":{"line":199,"column":32}},"62":{"start":{"line":206,"column":22},"end":{"line":253,"column":5}},"63":{"start":{"line":213,"column":12},"end":{"line":213,"column":33}},"64":{"start":{"line":213,"column":23},"end":{"line":213,"column":33}},"65":{"start":{"line":216,"column":12},"end":{"line":220,"column":24}},"66":{"start":{"line":229,"column":12},"end":{"line":229,"column":37}},"67":{"start":{"line":229,"column":27},"end":{"line":229,"column":37}},"68":{"start":{"line":231,"column":35},"end":{"line":231,"column":37}},"69":{"start":{"line":234,"column":12},"end":{"line":249,"column":13}},"70":{"start":{"line":235,"column":38},"end":{"line":235,"column":68}},"71":{"start":{"line":238,"column":16},"end":{"line":248,"column":17}},"72":{"start":{"line":239,"column":20},"end":{"line":239,"column":81}},"73":{"start":{"line":242,"column":21},"end":{"line":248,"column":17}},"74":{"start":{"line":243,"column":20},"end":{"line":243,"column":78}},"75":{"start":{"line":247,"column":20},"end":{"line":247,"column":55}},"76":{"start":{"line":251,"column":12},"end":{"line":251,"column":34}},"77":{"start":{"line":258,"column":22},"end":{"line":468,"column":5}},"78":{"start":{"line":265,"column":22},"end":{"line":265,"column":36}},"79":{"start":{"line":266,"column":24},"end":{"line":266,"column":34}},"80":{"start":{"line":267,"column":25},"end":{"line":267,"column":65}},"81":{"start":{"line":269,"column":12},"end":{"line":269,"column":28}},"82":{"start":{"line":270,"column":12},"end":{"line":270,"column":35}},"83":{"start":{"line":272,"column":12},"end":{"line":272,"column":21}},"84":{"start":{"line":281,"column":12},"end":{"line":283,"column":13}},"85":{"start":{"line":282,"column":16},"end":{"line":282,"column":26}},"86":{"start":{"line":285,"column":25},"end":{"line":285,"column":43}},"87":{"start":{"line":286,"column":26},"end":{"line":286,"column":70}},"88":{"start":{"line":287,"column":24},"end":{"line":287,"column":63}},"89":{"start":{"line":289,"column":12},"end":{"line":289,"column":45}},"90":{"start":{"line":298,"column":12},"end":{"line":300,"column":13}},"91":{"start":{"line":299,"column":16},"end":{"line":299,"column":26}},"92":{"start":{"line":302,"column":25},"end":{"line":302,"column":43}},"93":{"start":{"line":303,"column":26},"end":{"line":303,"column":70}},"94":{"start":{"line":304,"column":24},"end":{"line":304,"column":63}},"95":{"start":{"line":306,"column":12},"end":{"line":306,"column":45}},"96":{"start":{"line":315,"column":12},"end":{"line":317,"column":13}},"97":{"start":{"line":316,"column":16},"end":{"line":316,"column":29}},"98":{"start":{"line":320,"column":12},"end":{"line":322,"column":13}},"99":{"start":{"line":321,"column":16},"end":{"line":321,"column":29}},"100":{"start":{"line":325,"column":39},"end":{"line":325,"column":72}},"101":{"start":{"line":328,"column":25},"end":{"line":328,"column":55}},"102":{"start":{"line":331,"column":12},"end":{"line":335,"column":14}},"103":{"start":{"line":344,"column":12},"end":{"line":346,"column":13}},"104":{"start":{"line":345,"column":16},"end":{"line":345,"column":26}},"105":{"start":{"line":348,"column":29},"end":{"line":348,"column":42}},"106":{"start":{"line":349,"column":12},"end":{"line":349,"column":44}},"107":{"start":{"line":358,"column":12},"end":{"line":360,"column":13}},"108":{"start":{"line":359,"column":16},"end":{"line":359,"column":26}},"109":{"start":{"line":364,"column":29},"end":{"line":364,"column":53}},"110":{"start":{"line":367,"column":12},"end":{"line":371,"column":13}},"111":{"start":{"line":368,"column":16},"end":{"line":370,"column":17}},"112":{"start":{"line":369,"column":20},"end":{"line":369,"column":33}},"113":{"start":{"line":374,"column":34},"end":{"line":374,"column":62}},"114":{"start":{"line":377,"column":12},"end":{"line":379,"column":13}},"115":{"start":{"line":378,"column":16},"end":{"line":378,"column":37}},"116":{"start":{"line":381,"column":12},"end":{"line":381,"column":33}},"117":{"start":{"line":390,"column":12},"end":{"line":392,"column":13}},"118":{"start":{"line":391,"column":16},"end":{"line":391,"column":26}},"119":{"start":{"line":395,"column":31},"end":{"line":395,"column":41}},"120":{"start":{"line":396,"column":12},"end":{"line":398,"column":13}},"121":{"start":{"line":397,"column":16},"end":{"line":397,"column":34}},"122":{"start":{"line":401,"column":34},"end":{"line":401,"column":60}},"123":{"start":{"line":404,"column":12},"end":{"line":404,"column":64}},"124":{"start":{"line":414,"column":12},"end":{"line":416,"column":13}},"125":{"start":{"line":415,"column":16},"end":{"line":415,"column":29}},"126":{"start":{"line":418,"column":35},"end":{"line":418,"column":64}},"127":{"start":{"line":419,"column":35},"end":{"line":419,"column":64}},"128":{"start":{"line":421,"column":12},"end":{"line":421,"column":53}},"129":{"start":{"line":430,"column":12},"end":{"line":432,"column":13}},"130":{"start":{"line":431,"column":16},"end":{"line":431,"column":28}},"131":{"start":{"line":434,"column":39},"end":{"line":434,"column":72}},"132":{"start":{"line":435,"column":12},"end":{"line":435,"column":50}},"133":{"start":{"line":444,"column":27},"end":{"line":444,"column":47}},"134":{"start":{"line":445,"column":27},"end":{"line":445,"column":43}},"135":{"start":{"line":446,"column":12},"end":{"line":446,"column":49}},"136":{"start":{"line":447,"column":12},"end":{"line":447,"column":26}},"137":{"start":{"line":456,"column":27},"end":{"line":456,"column":83}},"138":{"start":{"line":457,"column":27},"end":{"line":457,"column":49}},"139":{"start":{"line":459,"column":12},"end":{"line":466,"column":14}},"140":{"start":{"line":473,"column":28},"end":{"line":642,"column":5}},"141":{"start":{"line":480,"column":12},"end":{"line":482,"column":13}},"142":{"start":{"line":481,"column":16},"end":{"line":481,"column":29}},"143":{"start":{"line":485,"column":31},"end":{"line":485,"column":59}},"144":{"start":{"line":486,"column":12},"end":{"line":486,"column":42}},"145":{"start":{"line":495,"column":12},"end":{"line":497,"column":13}},"146":{"start":{"line":496,"column":16},"end":{"line":496,"column":29}},"147":{"start":{"line":499,"column":12},"end":{"line":501,"column":13}},"148":{"start":{"line":500,"column":16},"end":{"line":500,"column":43}},"149":{"start":{"line":503,"column":12},"end":{"line":505,"column":13}},"150":{"start":{"line":504,"column":16},"end":{"line":504,"column":40}},"151":{"start":{"line":507,"column":12},"end":{"line":507,"column":24}},"152":{"start":{"line":516,"column":12},"end":{"line":518,"column":13}},"153":{"start":{"line":517,"column":16},"end":{"line":517,"column":29}},"154":{"start":{"line":520,"column":12},"end":{"line":522,"column":13}},"155":{"start":{"line":521,"column":16},"end":{"line":521,"column":37}},"156":{"start":{"line":524,"column":12},"end":{"line":527,"column":13}},"157":{"start":{"line":526,"column":16},"end":{"line":526,"column":53}},"158":{"start":{"line":529,"column":12},"end":{"line":529,"column":25}},"159":{"start":{"line":540,"column":12},"end":{"line":542,"column":13}},"160":{"start":{"line":541,"column":16},"end":{"line":541,"column":29}},"161":{"start":{"line":544,"column":29},"end":{"line":544,"column":42}},"162":{"start":{"line":545,"column":12},"end":{"line":545,"column":54}},"163":{"start":{"line":556,"column":12},"end":{"line":558,"column":13}},"164":{"start":{"line":557,"column":16},"end":{"line":557,"column":29}},"165":{"start":{"line":560,"column":27},"end":{"line":560,"column":46}},"166":{"start":{"line":561,"column":12},"end":{"line":561,"column":62}},"167":{"start":{"line":571,"column":27},"end":{"line":571,"column":29}},"168":{"start":{"line":572,"column":26},"end":{"line":572,"column":30}},"169":{"start":{"line":574,"column":12},"end":{"line":635,"column":13}},"170":{"start":{"line":575,"column":30},"end":{"line":575,"column":45}},"171":{"start":{"line":578,"column":16},"end":{"line":582,"column":17}},"172":{"start":{"line":579,"column":20},"end":{"line":579,"column":89}},"173":{"start":{"line":580,"column":20},"end":{"line":580,"column":36}},"174":{"start":{"line":581,"column":20},"end":{"line":581,"column":29}},"175":{"start":{"line":585,"column":16},"end":{"line":589,"column":17}},"176":{"start":{"line":586,"column":20},"end":{"line":586,"column":89}},"177":{"start":{"line":587,"column":20},"end":{"line":587,"column":36}},"178":{"start":{"line":588,"column":20},"end":{"line":588,"column":29}},"179":{"start":{"line":592,"column":16},"end":{"line":596,"column":17}},"180":{"start":{"line":593,"column":20},"end":{"line":593,"column":114}},"181":{"start":{"line":594,"column":20},"end":{"line":594,"column":36}},"182":{"start":{"line":595,"column":20},"end":{"line":595,"column":29}},"183":{"start":{"line":599,"column":16},"end":{"line":603,"column":17}},"184":{"start":{"line":600,"column":20},"end":{"line":600,"column":110}},"185":{"start":{"line":601,"column":20},"end":{"line":601,"column":36}},"186":{"start":{"line":602,"column":20},"end":{"line":602,"column":29}},"187":{"start":{"line":606,"column":16},"end":{"line":610,"column":17}},"188":{"start":{"line":607,"column":20},"end":{"line":607,"column":115}},"189":{"start":{"line":608,"column":20},"end":{"line":608,"column":36}},"190":{"start":{"line":609,"column":20},"end":{"line":609,"column":29}},"191":{"start":{"line":613,"column":16},"end":{"line":617,"column":17}},"192":{"start":{"line":614,"column":20},"end":{"line":614,"column":75}},"193":{"start":{"line":615,"column":20},"end":{"line":615,"column":36}},"194":{"start":{"line":616,"column":20},"end":{"line":616,"column":29}},"195":{"start":{"line":620,"column":16},"end":{"line":624,"column":17}},"196":{"start":{"line":621,"column":20},"end":{"line":621,"column":80}},"197":{"start":{"line":622,"column":20},"end":{"line":622,"column":36}},"198":{"start":{"line":623,"column":20},"end":{"line":623,"column":29}},"199":{"start":{"line":627,"column":16},"end":{"line":634,"column":17}},"200":{"start":{"line":628,"column":42},"end":{"line":628,"column":74}},"201":{"start":{"line":629,"column":20},"end":{"line":633,"column":21}},"202":{"start":{"line":630,"column":24},"end":{"line":630,"column":84}},"203":{"start":{"line":631,"column":24},"end":{"line":631,"column":40}},"204":{"start":{"line":632,"column":24},"end":{"line":632,"column":33}},"205":{"start":{"line":637,"column":12},"end":{"line":640,"column":14}},"206":{"start":{"line":647,"column":21},"end":{"line":748,"column":5}},"207":{"start":{"line":656,"column":28},"end":{"line":656,"column":55}},"208":{"start":{"line":659,"column":12},"end":{"line":676,"column":13}},"209":{"start":{"line":660,"column":16},"end":{"line":675,"column":17}},"210":{"start":{"line":661,"column":20},"end":{"line":661,"column":46}},"211":{"start":{"line":662,"column":23},"end":{"line":675,"column":17}},"212":{"start":{"line":663,"column":20},"end":{"line":665,"column":21}},"213":{"start":{"line":664,"column":24},"end":{"line":664,"column":51}},"214":{"start":{"line":666,"column":23},"end":{"line":675,"column":17}},"215":{"start":{"line":667,"column":20},"end":{"line":669,"column":21}},"216":{"start":{"line":668,"column":24},"end":{"line":668,"column":50}},"217":{"start":{"line":670,"column":23},"end":{"line":675,"column":17}},"218":{"start":{"line":671,"column":38},"end":{"line":671,"column":69}},"219":{"start":{"line":672,"column":20},"end":{"line":672,"column":63}},"220":{"start":{"line":674,"column":20},"end":{"line":674,"column":54}},"221":{"start":{"line":679,"column":12},"end":{"line":693,"column":13}},"222":{"start":{"line":680,"column":16},"end":{"line":692,"column":17}},"223":{"start":{"line":681,"column":20},"end":{"line":681,"column":50}},"224":{"start":{"line":682,"column":23},"end":{"line":692,"column":17}},"225":{"start":{"line":683,"column":20},"end":{"line":683,"column":49}},"226":{"start":{"line":684,"column":23},"end":{"line":692,"column":17}},"227":{"start":{"line":685,"column":20},"end":{"line":691,"column":21}},"228":{"start":{"line":686,"column":24},"end":{"line":690,"column":25}},"229":{"start":{"line":687,"column":28},"end":{"line":687,"column":80}},"230":{"start":{"line":688,"column":31},"end":{"line":690,"column":25}},"231":{"start":{"line":689,"column":28},"end":{"line":689,"column":55}},"232":{"start":{"line":695,"column":12},"end":{"line":695,"column":27}},"233":{"start":{"line":703,"column":12},"end":{"line":705,"column":13}},"234":{"start":{"line":704,"column":16},"end":{"line":704,"column":23}},"235":{"start":{"line":707,"column":12},"end":{"line":709,"column":13}},"236":{"start":{"line":708,"column":16},"end":{"line":708,"column":56}},"237":{"start":{"line":720,"column":12},"end":{"line":722,"column":13}},"238":{"start":{"line":721,"column":16},"end":{"line":721,"column":23}},"239":{"start":{"line":724,"column":12},"end":{"line":733,"column":15}},"240":{"start":{"line":725,"column":32},"end":{"line":725,"column":68}},"241":{"start":{"line":727,"column":16},"end":{"line":732,"column":17}},"242":{"start":{"line":728,"column":20},"end":{"line":731,"column":21}},"243":{"start":{"line":729,"column":24},"end":{"line":729,"column":52}},"244":{"start":{"line":730,"column":24},"end":{"line":730,"column":30}},"245":{"start":{"line":742,"column":12},"end":{"line":744,"column":13}},"246":{"start":{"line":743,"column":16},"end":{"line":743,"column":23}},"247":{"start":{"line":746,"column":12},"end":{"line":746,"column":60}},"248":{"start":{"line":756,"column":8},"end":{"line":756,"column":45}},"249":{"start":{"line":758,"column":27},"end":{"line":758,"column":41}},"250":{"start":{"line":760,"column":8},"end":{"line":762,"column":9}},"251":{"start":{"line":761,"column":12},"end":{"line":761,"column":65}},"252":{"start":{"line":764,"column":8},"end":{"line":769,"column":9}},"253":{"start":{"line":765,"column":12},"end":{"line":765,"column":60}},"254":{"start":{"line":767,"column":12},"end":{"line":767,"column":40}},"255":{"start":{"line":768,"column":12},"end":{"line":768,"column":32}},"256":{"start":{"line":773,"column":29},"end":{"line":773,"column":51}},"257":{"start":{"line":776,"column":4},"end":{"line":792,"column":6}},"258":{"start":{"line":796,"column":0},"end":{"line":796,"column":33}}},"fnMap":{"0":{"name":"(anonymous_0)","decl":{"start":{"line":5,"column":21},"end":{"line":5,"column":22}},"loc":{"start":{"line":5,"column":32},"end":{"line":793,"column":1}},"line":5},"1":{"name":"(anonymous_1)","decl":{"start":{"line":65,"column":8},"end":{"line":65,"column":9}},"loc":{"start":{"line":65,"column":22},"end":{"line":71,"column":9}},"line":65},"2":{"name":"(anonymous_2)","decl":{"start":{"line":78,"column":8},"end":{"line":78,"column":9}},"loc":{"start":{"line":78,"column":72},"end":{"line":96,"column":9}},"line":78},"3":{"name":"(anonymous_3)","decl":{"start":{"line":92,"column":27},"end":{"line":92,"column":28}},"loc":{"start":{"line":92,"column":33},"end":{"line":94,"column":17}},"line":92},"4":{"name":"(anonymous_4)","decl":{"start":{"line":103,"column":8},"end":{"line":103,"column":9}},"loc":{"start":{"line":103,"column":76},"end":{"line":120,"column":9}},"line":103},"5":{"name":"(anonymous_5)","decl":{"start":{"line":116,"column":27},"end":{"line":116,"column":28}},"loc":{"start":{"line":116,"column":33},"end":{"line":118,"column":17}},"line":116},"6":{"name":"(anonymous_6)","decl":{"start":{"line":127,"column":8},"end":{"line":127,"column":9}},"loc":{"start":{"line":127,"column":70},"end":{"line":144,"column":9}},"line":127},"7":{"name":"(anonymous_7)","decl":{"start":{"line":140,"column":27},"end":{"line":140,"column":28}},"loc":{"start":{"line":140,"column":33},"end":{"line":142,"column":17}},"line":140},"8":{"name":"(anonymous_8)","decl":{"start":{"line":150,"column":8},"end":{"line":150,"column":9}},"loc":{"start":{"line":150,"column":33},"end":{"line":160,"column":9}},"line":150},"9":{"name":"(anonymous_9)","decl":{"start":{"line":168,"column":8},"end":{"line":168,"column":9}},"loc":{"start":{"line":168,"column":77},"end":{"line":200,"column":9}},"line":168},"10":{"name":"(anonymous_10)","decl":{"start":{"line":212,"column":8},"end":{"line":212,"column":9}},"loc":{"start":{"line":212,"column":28},"end":{"line":221,"column":9}},"line":212},"11":{"name":"(anonymous_11)","decl":{"start":{"line":228,"column":8},"end":{"line":228,"column":9}},"loc":{"start":{"line":228,"column":36},"end":{"line":252,"column":9}},"line":228},"12":{"name":"(anonymous_12)","decl":{"start":{"line":264,"column":8},"end":{"line":264,"column":9}},"loc":{"start":{"line":264,"column":37},"end":{"line":273,"column":9}},"line":264},"13":{"name":"(anonymous_13)","decl":{"start":{"line":280,"column":8},"end":{"line":280,"column":9}},"loc":{"start":{"line":280,"column":25},"end":{"line":290,"column":9}},"line":280},"14":{"name":"(anonymous_14)","decl":{"start":{"line":297,"column":8},"end":{"line":297,"column":9}},"loc":{"start":{"line":297,"column":32},"end":{"line":307,"column":9}},"line":297},"15":{"name":"(anonymous_15)","decl":{"start":{"line":314,"column":8},"end":{"line":314,"column":9}},"loc":{"start":{"line":314,"column":38},"end":{"line":336,"column":9}},"line":314},"16":{"name":"(anonymous_16)","decl":{"start":{"line":343,"column":8},"end":{"line":343,"column":9}},"loc":{"start":{"line":343,"column":27},"end":{"line":350,"column":9}},"line":343},"17":{"name":"(anonymous_17)","decl":{"start":{"line":357,"column":8},"end":{"line":357,"column":9}},"loc":{"start":{"line":357,"column":30},"end":{"line":382,"column":9}},"line":357},"18":{"name":"(anonymous_18)","decl":{"start":{"line":389,"column":8},"end":{"line":389,"column":9}},"loc":{"start":{"line":389,"column":27},"end":{"line":405,"column":9}},"line":389},"19":{"name":"(anonymous_19)","decl":{"start":{"line":413,"column":8},"end":{"line":413,"column":9}},"loc":{"start":{"line":413,"column":33},"end":{"line":422,"column":9}},"line":413},"20":{"name":"(anonymous_20)","decl":{"start":{"line":429,"column":8},"end":{"line":429,"column":9}},"loc":{"start":{"line":429,"column":30},"end":{"line":436,"column":9}},"line":429},"21":{"name":"(anonymous_21)","decl":{"start":{"line":443,"column":8},"end":{"line":443,"column":9}},"loc":{"start":{"line":443,"column":37},"end":{"line":448,"column":9}},"line":443},"22":{"name":"(anonymous_22)","decl":{"start":{"line":455,"column":8},"end":{"line":455,"column":9}},"loc":{"start":{"line":455,"column":35},"end":{"line":467,"column":9}},"line":455},"23":{"name":"(anonymous_23)","decl":{"start":{"line":479,"column":8},"end":{"line":479,"column":9}},"loc":{"start":{"line":479,"column":28},"end":{"line":487,"column":9}},"line":479},"24":{"name":"(anonymous_24)","decl":{"start":{"line":494,"column":8},"end":{"line":494,"column":9}},"loc":{"start":{"line":494,"column":26},"end":{"line":508,"column":9}},"line":494},"25":{"name":"(anonymous_25)","decl":{"start":{"line":515,"column":8},"end":{"line":515,"column":9}},"loc":{"start":{"line":515,"column":25},"end":{"line":530,"column":9}},"line":515},"26":{"name":"(anonymous_26)","decl":{"start":{"line":539,"column":8},"end":{"line":539,"column":9}},"loc":{"start":{"line":539,"column":35},"end":{"line":546,"column":9}},"line":539},"27":{"name":"(anonymous_27)","decl":{"start":{"line":555,"column":8},"end":{"line":555,"column":9}},"loc":{"start":{"line":555,"column":52},"end":{"line":562,"column":9}},"line":555},"28":{"name":"(anonymous_28)","decl":{"start":{"line":570,"column":8},"end":{"line":570,"column":9}},"loc":{"start":{"line":570,"column":48},"end":{"line":641,"column":9}},"line":570},"29":{"name":"(anonymous_29)","decl":{"start":{"line":655,"column":8},"end":{"line":655,"column":9}},"loc":{"start":{"line":655,"column":60},"end":{"line":696,"column":9}},"line":655},"30":{"name":"(anonymous_30)","decl":{"start":{"line":702,"column":8},"end":{"line":702,"column":9}},"loc":{"start":{"line":702,"column":30},"end":{"line":710,"column":9}},"line":702},"31":{"name":"(anonymous_31)","decl":{"start":{"line":719,"column":8},"end":{"line":719,"column":9}},"loc":{"start":{"line":719,"column":66},"end":{"line":734,"column":9}},"line":719},"32":{"name":"(anonymous_32)","decl":{"start":{"line":724,"column":50},"end":{"line":724,"column":51}},"loc":{"start":{"line":724,"column":66},"end":{"line":733,"column":13}},"line":724},"33":{"name":"(anonymous_33)","decl":{"start":{"line":741,"column":8},"end":{"line":741,"column":9}},"loc":{"start":{"line":741,"column":37},"end":{"line":747,"column":9}},"line":741},"34":{"name":"handleError","decl":{"start":{"line":755,"column":13},"end":{"line":755,"column":24}},"loc":{"start":{"line":755,"column":72},"end":{"line":770,"column":5}},"line":755}},"branchMap":{"0":{"loc":{"start":{"line":78,"column":27},"end":{"line":78,"column":70}},"type":"default-arg","locations":[{"start":{"line":78,"column":38},"end":{"line":78,"column":70}}],"line":78},"1":{"loc":{"start":{"line":79,"column":12},"end":{"line":86,"column":13}},"type":"if","locations":[{"start":{"line":79,"column":12},"end":{"line":86,"column":13}},{"start":{},"end":{}}],"line":79},"2":{"loc":{"start":{"line":81,"column":16},"end":{"line":85,"column":17}},"type":"if","locations":[{"start":{"line":81,"column":16},"end":{"line":85,"column":17}},{"start":{},"end":{}}],"line":81},"3":{"loc":{"start":{"line":91,"column":12},"end":{"line":95,"column":13}},"type":"if","locations":[{"start":{"line":91,"column":12},"end":{"line":95,"column":13}},{"start":{},"end":{}}],"line":91},"4":{"loc":{"start":{"line":103,"column":29},"end":{"line":103,"column":74}},"type":"default-arg","locations":[{"start":{"line":103,"column":40},"end":{"line":103,"column":74}}],"line":103},"5":{"loc":{"start":{"line":104,"column":12},"end":{"line":110,"column":13}},"type":"if","locations":[{"start":{"line":104,"column":12},"end":{"line":110,"column":13}},{"start":{},"end":{}}],"line":104},"6":{"loc":{"start":{"line":106,"column":16},"end":{"line":109,"column":17}},"type":"if","locations":[{"start":{"line":106,"column":16},"end":{"line":109,"column":17}},{"start":{},"end":{}}],"line":106},"7":{"loc":{"start":{"line":115,"column":12},"end":{"line":119,"column":13}},"type":"if","locations":[{"start":{"line":115,"column":12},"end":{"line":119,"column":13}},{"start":{},"end":{}}],"line":115},"8":{"loc":{"start":{"line":127,"column":26},"end":{"line":127,"column":68}},"type":"default-arg","locations":[{"start":{"line":127,"column":37},"end":{"line":127,"column":68}}],"line":127},"9":{"loc":{"start":{"line":128,"column":12},"end":{"line":134,"column":13}},"type":"if","locations":[{"start":{"line":128,"column":12},"end":{"line":134,"column":13}},{"start":{},"end":{}}],"line":128},"10":{"loc":{"start":{"line":130,"column":16},"end":{"line":133,"column":17}},"type":"if","locations":[{"start":{"line":130,"column":16},"end":{"line":133,"column":17}},{"start":{},"end":{}}],"line":130},"11":{"loc":{"start":{"line":139,"column":12},"end":{"line":143,"column":13}},"type":"if","locations":[{"start":{"line":139,"column":12},"end":{"line":143,"column":13}},{"start":{},"end":{}}],"line":139},"12":{"loc":{"start":{"line":151,"column":12},"end":{"line":157,"column":13}},"type":"if","locations":[{"start":{"line":151,"column":12},"end":{"line":157,"column":13}},{"start":{},"end":{}}],"line":151},"13":{"loc":{"start":{"line":153,"column":16},"end":{"line":156,"column":17}},"type":"if","locations":[{"start":{"line":153,"column":16},"end":{"line":156,"column":17}},{"start":{},"end":{}}],"line":153},"14":{"loc":{"start":{"line":159,"column":48},"end":{"line":159,"column":76}},"type":"cond-expr","locations":[{"start":{"line":159,"column":60},"end":{"line":159,"column":67}},{"start":{"line":159,"column":70},"end":{"line":159,"column":76}}],"line":159},"15":{"loc":{"start":{"line":168,"column":35},"end":{"line":168,"column":75}},"type":"default-arg","locations":[{"start":{"line":168,"column":52},"end":{"line":168,"column":75}}],"line":168},"16":{"loc":{"start":{"line":171,"column":12},"end":{"line":197,"column":13}},"type":"if","locations":[{"start":{"line":171,"column":12},"end":{"line":197,"column":13}},{"start":{"line":195,"column":19},"end":{"line":197,"column":13}}],"line":171},"17":{"loc":{"start":{"line":171,"column":16},"end":{"line":171,"column":35}},"type":"binary-expr","locations":[{"start":{"line":171,"column":16},"end":{"line":171,"column":21}},{"start":{"line":171,"column":25},"end":{"line":171,"column":35}}],"line":171},"18":{"loc":{"start":{"line":172,"column":16},"end":{"line":194,"column":17}},"type":"switch","locations":[{"start":{"line":173,"column":20},"end":{"line":173,"column":47}},{"start":{"line":174,"column":20},"end":{"line":176,"column":30}},{"start":{"line":177,"column":20},"end":{"line":179,"column":30}},{"start":{"line":180,"column":20},"end":{"line":182,"column":30}},{"start":{"line":183,"column":20},"end":{"line":185,"column":30}},{"start":{"line":186,"column":20},"end":{"line":188,"column":30}},{"start":{"line":189,"column":20},"end":{"line":191,"column":30}},{"start":{"line":192,"column":20},"end":{"line":193,"column":77}}],"line":172},"19":{"loc":{"start":{"line":195,"column":19},"end":{"line":197,"column":13}},"type":"if","locations":[{"start":{"line":195,"column":19},"end":{"line":197,"column":13}},{"start":{},"end":{}}],"line":195},"20":{"loc":{"start":{"line":195,"column":23},"end":{"line":195,"column":45}},"type":"binary-expr","locations":[{"start":{"line":195,"column":23},"end":{"line":195,"column":28}},{"start":{"line":195,"column":32},"end":{"line":195,"column":45}}],"line":195},"21":{"loc":{"start":{"line":213,"column":12},"end":{"line":213,"column":33}},"type":"if","locations":[{"start":{"line":213,"column":12},"end":{"line":213,"column":33}},{"start":{},"end":{}}],"line":213},"22":{"loc":{"start":{"line":229,"column":12},"end":{"line":229,"column":37}},"type":"if","locations":[{"start":{"line":229,"column":12},"end":{"line":229,"column":37}},{"start":{},"end":{}}],"line":229},"23":{"loc":{"start":{"line":238,"column":16},"end":{"line":248,"column":17}},"type":"if","locations":[{"start":{"line":238,"column":16},"end":{"line":248,"column":17}},{"start":{"line":242,"column":21},"end":{"line":248,"column":17}}],"line":238},"24":{"loc":{"start":{"line":238,"column":20},"end":{"line":238,"column":85}},"type":"binary-expr","locations":[{"start":{"line":238,"column":20},"end":{"line":238,"column":43}},{"start":{"line":238,"column":47},"end":{"line":238,"column":85}}],"line":238},"25":{"loc":{"start":{"line":242,"column":21},"end":{"line":248,"column":17}},"type":"if","locations":[{"start":{"line":242,"column":21},"end":{"line":248,"column":17}},{"start":{"line":246,"column":21},"end":{"line":248,"column":17}}],"line":242},"26":{"loc":{"start":{"line":264,"column":18},"end":{"line":264,"column":35}},"type":"default-arg","locations":[{"start":{"line":264,"column":25},"end":{"line":264,"column":35}}],"line":264},"27":{"loc":{"start":{"line":267,"column":46},"end":{"line":267,"column":64}},"type":"cond-expr","locations":[{"start":{"line":267,"column":58},"end":{"line":267,"column":60}},{"start":{"line":267,"column":63},"end":{"line":267,"column":64}}],"line":267},"28":{"loc":{"start":{"line":281,"column":12},"end":{"line":283,"column":13}},"type":"if","locations":[{"start":{"line":281,"column":12},"end":{"line":283,"column":13}},{"start":{},"end":{}}],"line":281},"29":{"loc":{"start":{"line":281,"column":16},"end":{"line":281,"column":48}},"type":"binary-expr","locations":[{"start":{"line":281,"column":16},"end":{"line":281,"column":21}},{"start":{"line":281,"column":25},"end":{"line":281,"column":48}}],"line":281},"30":{"loc":{"start":{"line":298,"column":12},"end":{"line":300,"column":13}},"type":"if","locations":[{"start":{"line":298,"column":12},"end":{"line":300,"column":13}},{"start":{},"end":{}}],"line":298},"31":{"loc":{"start":{"line":298,"column":16},"end":{"line":298,"column":48}},"type":"binary-expr","locations":[{"start":{"line":298,"column":16},"end":{"line":298,"column":21}},{"start":{"line":298,"column":25},"end":{"line":298,"column":48}}],"line":298},"32":{"loc":{"start":{"line":315,"column":12},"end":{"line":317,"column":13}},"type":"if","locations":[{"start":{"line":315,"column":12},"end":{"line":317,"column":13}},{"start":{},"end":{}}],"line":315},"33":{"loc":{"start":{"line":315,"column":16},"end":{"line":315,"column":61}},"type":"binary-expr","locations":[{"start":{"line":315,"column":16},"end":{"line":315,"column":27}},{"start":{"line":315,"column":31},"end":{"line":315,"column":61}}],"line":315},"34":{"loc":{"start":{"line":320,"column":12},"end":{"line":322,"column":13}},"type":"if","locations":[{"start":{"line":320,"column":12},"end":{"line":322,"column":13}},{"start":{},"end":{}}],"line":320},"35":{"loc":{"start":{"line":332,"column":16},"end":{"line":334,"column":38}},"type":"binary-expr","locations":[{"start":{"line":332,"column":16},"end":{"line":332,"column":43}},{"start":{"line":333,"column":16},"end":{"line":333,"column":45}},{"start":{"line":334,"column":16},"end":{"line":334,"column":38}}],"line":332},"36":{"loc":{"start":{"line":344,"column":12},"end":{"line":346,"column":13}},"type":"if","locations":[{"start":{"line":344,"column":12},"end":{"line":346,"column":13}},{"start":{},"end":{}}],"line":344},"37":{"loc":{"start":{"line":344,"column":16},"end":{"line":344,"column":48}},"type":"binary-expr","locations":[{"start":{"line":344,"column":16},"end":{"line":344,"column":21}},{"start":{"line":344,"column":25},"end":{"line":344,"column":48}}],"line":344},"38":{"loc":{"start":{"line":358,"column":12},"end":{"line":360,"column":13}},"type":"if","locations":[{"start":{"line":358,"column":12},"end":{"line":360,"column":13}},{"start":{},"end":{}}],"line":358},"39":{"loc":{"start":{"line":358,"column":16},"end":{"line":358,"column":47}},"type":"binary-expr","locations":[{"start":{"line":358,"column":16},"end":{"line":358,"column":20}},{"start":{"line":358,"column":24},"end":{"line":358,"column":47}}],"line":358},"40":{"loc":{"start":{"line":368,"column":16},"end":{"line":370,"column":17}},"type":"if","locations":[{"start":{"line":368,"column":16},"end":{"line":370,"column":17}},{"start":{},"end":{}}],"line":368},"41":{"loc":{"start":{"line":377,"column":12},"end":{"line":379,"column":13}},"type":"if","locations":[{"start":{"line":377,"column":12},"end":{"line":379,"column":13}},{"start":{},"end":{}}],"line":377},"42":{"loc":{"start":{"line":390,"column":12},"end":{"line":392,"column":13}},"type":"if","locations":[{"start":{"line":390,"column":12},"end":{"line":392,"column":13}},{"start":{},"end":{}}],"line":390},"43":{"loc":{"start":{"line":390,"column":16},"end":{"line":390,"column":47}},"type":"binary-expr","locations":[{"start":{"line":390,"column":16},"end":{"line":390,"column":20}},{"start":{"line":390,"column":24},"end":{"line":390,"column":47}}],"line":390},"44":{"loc":{"start":{"line":396,"column":12},"end":{"line":398,"column":13}},"type":"if","locations":[{"start":{"line":396,"column":12},"end":{"line":398,"column":13}},{"start":{},"end":{}}],"line":396},"45":{"loc":{"start":{"line":404,"column":19},"end":{"line":404,"column":63}},"type":"binary-expr","locations":[{"start":{"line":404,"column":19},"end":{"line":404,"column":56}},{"start":{"line":404,"column":60},"end":{"line":404,"column":63}}],"line":404},"46":{"loc":{"start":{"line":414,"column":12},"end":{"line":416,"column":13}},"type":"if","locations":[{"start":{"line":414,"column":12},"end":{"line":416,"column":13}},{"start":{},"end":{}}],"line":414},"47":{"loc":{"start":{"line":414,"column":16},"end":{"line":414,"column":30}},"type":"binary-expr","locations":[{"start":{"line":414,"column":16},"end":{"line":414,"column":21}},{"start":{"line":414,"column":25},"end":{"line":414,"column":30}}],"line":414},"48":{"loc":{"start":{"line":430,"column":12},"end":{"line":432,"column":13}},"type":"if","locations":[{"start":{"line":430,"column":12},"end":{"line":432,"column":13}},{"start":{},"end":{}}],"line":430},"49":{"loc":{"start":{"line":443,"column":18},"end":{"line":443,"column":35}},"type":"default-arg","locations":[{"start":{"line":443,"column":25},"end":{"line":443,"column":35}}],"line":443},"50":{"loc":{"start":{"line":456,"column":27},"end":{"line":456,"column":83}},"type":"cond-expr","locations":[{"start":{"line":456,"column":55},"end":{"line":456,"column":64}},{"start":{"line":456,"column":67},"end":{"line":456,"column":83}}],"line":456},"51":{"loc":{"start":{"line":480,"column":12},"end":{"line":482,"column":13}},"type":"if","locations":[{"start":{"line":480,"column":12},"end":{"line":482,"column":13}},{"start":{},"end":{}}],"line":480},"52":{"loc":{"start":{"line":480,"column":16},"end":{"line":480,"column":51}},"type":"binary-expr","locations":[{"start":{"line":480,"column":16},"end":{"line":480,"column":22}},{"start":{"line":480,"column":26},"end":{"line":480,"column":51}}],"line":480},"53":{"loc":{"start":{"line":495,"column":12},"end":{"line":497,"column":13}},"type":"if","locations":[{"start":{"line":495,"column":12},"end":{"line":497,"column":13}},{"start":{},"end":{}}],"line":495},"54":{"loc":{"start":{"line":495,"column":16},"end":{"line":495,"column":53}},"type":"binary-expr","locations":[{"start":{"line":495,"column":16},"end":{"line":495,"column":30}},{"start":{"line":495,"column":34},"end":{"line":495,"column":53}}],"line":495},"55":{"loc":{"start":{"line":499,"column":12},"end":{"line":501,"column":13}},"type":"if","locations":[{"start":{"line":499,"column":12},"end":{"line":501,"column":13}},{"start":{},"end":{}}],"line":499},"56":{"loc":{"start":{"line":503,"column":12},"end":{"line":505,"column":13}},"type":"if","locations":[{"start":{"line":503,"column":12},"end":{"line":505,"column":13}},{"start":{},"end":{}}],"line":503},"57":{"loc":{"start":{"line":516,"column":12},"end":{"line":518,"column":13}},"type":"if","locations":[{"start":{"line":516,"column":12},"end":{"line":518,"column":13}},{"start":{},"end":{}}],"line":516},"58":{"loc":{"start":{"line":516,"column":16},"end":{"line":516,"column":69}},"type":"binary-expr","locations":[{"start":{"line":516,"column":16},"end":{"line":516,"column":30}},{"start":{"line":516,"column":34},"end":{"line":516,"column":53}},{"start":{"line":516,"column":57},"end":{"line":516,"column":69}}],"line":516},"59":{"loc":{"start":{"line":520,"column":12},"end":{"line":522,"column":13}},"type":"if","locations":[{"start":{"line":520,"column":12},"end":{"line":522,"column":13}},{"start":{},"end":{}}],"line":520},"60":{"loc":{"start":{"line":524,"column":12},"end":{"line":527,"column":13}},"type":"if","locations":[{"start":{"line":524,"column":12},"end":{"line":527,"column":13}},{"start":{},"end":{}}],"line":524},"61":{"loc":{"start":{"line":540,"column":12},"end":{"line":542,"column":13}},"type":"if","locations":[{"start":{"line":540,"column":12},"end":{"line":542,"column":13}},{"start":{},"end":{}}],"line":540},"62":{"loc":{"start":{"line":545,"column":19},"end":{"line":545,"column":53}},"type":"binary-expr","locations":[{"start":{"line":545,"column":19},"end":{"line":545,"column":34}},{"start":{"line":545,"column":38},"end":{"line":545,"column":53}}],"line":545},"63":{"loc":{"start":{"line":556,"column":12},"end":{"line":558,"column":13}},"type":"if","locations":[{"start":{"line":556,"column":12},"end":{"line":558,"column":13}},{"start":{},"end":{}}],"line":556},"64":{"loc":{"start":{"line":561,"column":19},"end":{"line":561,"column":61}},"type":"binary-expr","locations":[{"start":{"line":561,"column":19},"end":{"line":561,"column":38}},{"start":{"line":561,"column":42},"end":{"line":561,"column":61}}],"line":561},"65":{"loc":{"start":{"line":578,"column":16},"end":{"line":582,"column":17}},"type":"if","locations":[{"start":{"line":578,"column":16},"end":{"line":582,"column":17}},{"start":{},"end":{}}],"line":578},"66":{"loc":{"start":{"line":578,"column":20},"end":{"line":578,"column":61}},"type":"binary-expr","locations":[{"start":{"line":578,"column":20},"end":{"line":578,"column":34}},{"start":{"line":578,"column":38},"end":{"line":578,"column":61}}],"line":578},"67":{"loc":{"start":{"line":579,"column":36},"end":{"line":579,"column":88}},"type":"binary-expr","locations":[{"start":{"line":579,"column":36},"end":{"line":579,"column":57}},{"start":{"line":579,"column":61},"end":{"line":579,"column":88}}],"line":579},"68":{"loc":{"start":{"line":585,"column":16},"end":{"line":589,"column":17}},"type":"if","locations":[{"start":{"line":585,"column":16},"end":{"line":589,"column":17}},{"start":{},"end":{}}],"line":585},"69":{"loc":{"start":{"line":585,"column":20},"end":{"line":585,"column":86}},"type":"binary-expr","locations":[{"start":{"line":585,"column":20},"end":{"line":585,"column":31}},{"start":{"line":585,"column":35},"end":{"line":585,"column":57}},{"start":{"line":585,"column":61},"end":{"line":585,"column":86}}],"line":585},"70":{"loc":{"start":{"line":586,"column":36},"end":{"line":586,"column":88}},"type":"binary-expr","locations":[{"start":{"line":586,"column":36},"end":{"line":586,"column":54}},{"start":{"line":586,"column":58},"end":{"line":586,"column":88}}],"line":586},"71":{"loc":{"start":{"line":592,"column":16},"end":{"line":596,"column":17}},"type":"if","locations":[{"start":{"line":592,"column":16},"end":{"line":596,"column":17}},{"start":{},"end":{}}],"line":592},"72":{"loc":{"start":{"line":592,"column":20},"end":{"line":592,"column":134}},"type":"binary-expr","locations":[{"start":{"line":592,"column":20},"end":{"line":592,"column":35}},{"start":{"line":592,"column":39},"end":{"line":592,"column":61}},{"start":{"line":592,"column":65},"end":{"line":592,"column":134}}],"line":592},"73":{"loc":{"start":{"line":593,"column":36},"end":{"line":593,"column":113}},"type":"binary-expr","locations":[{"start":{"line":593,"column":36},"end":{"line":593,"column":58}},{"start":{"line":593,"column":62},"end":{"line":593,"column":113}}],"line":593},"74":{"loc":{"start":{"line":599,"column":16},"end":{"line":603,"column":17}},"type":"if","locations":[{"start":{"line":599,"column":16},"end":{"line":603,"column":17}},{"start":{},"end":{}}],"line":599},"75":{"loc":{"start":{"line":599,"column":20},"end":{"line":599,"column":112}},"type":"binary-expr","locations":[{"start":{"line":599,"column":20},"end":{"line":599,"column":35}},{"start":{"line":599,"column":39},"end":{"line":599,"column":61}},{"start":{"line":599,"column":65},"end":{"line":599,"column":112}}],"line":599},"76":{"loc":{"start":{"line":600,"column":36},"end":{"line":600,"column":109}},"type":"binary-expr","locations":[{"start":{"line":600,"column":36},"end":{"line":600,"column":58}},{"start":{"line":600,"column":62},"end":{"line":600,"column":109}}],"line":600},"77":{"loc":{"start":{"line":606,"column":16},"end":{"line":610,"column":17}},"type":"if","locations":[{"start":{"line":606,"column":16},"end":{"line":610,"column":17}},{"start":{},"end":{}}],"line":606},"78":{"loc":{"start":{"line":606,"column":20},"end":{"line":606,"column":115}},"type":"binary-expr","locations":[{"start":{"line":606,"column":20},"end":{"line":606,"column":31}},{"start":{"line":606,"column":35},"end":{"line":606,"column":57}},{"start":{"line":606,"column":61},"end":{"line":606,"column":115}}],"line":606},"79":{"loc":{"start":{"line":607,"column":36},"end":{"line":607,"column":114}},"type":"binary-expr","locations":[{"start":{"line":607,"column":36},"end":{"line":607,"column":54}},{"start":{"line":607,"column":58},"end":{"line":607,"column":114}}],"line":607},"80":{"loc":{"start":{"line":613,"column":16},"end":{"line":617,"column":17}},"type":"if","locations":[{"start":{"line":613,"column":16},"end":{"line":617,"column":17}},{"start":{},"end":{}}],"line":613},"81":{"loc":{"start":{"line":613,"column":20},"end":{"line":613,"column":95}},"type":"binary-expr","locations":[{"start":{"line":613,"column":20},"end":{"line":613,"column":30}},{"start":{"line":613,"column":34},"end":{"line":613,"column":56}},{"start":{"line":613,"column":60},"end":{"line":613,"column":95}}],"line":613},"82":{"loc":{"start":{"line":614,"column":36},"end":{"line":614,"column":74}},"type":"binary-expr","locations":[{"start":{"line":614,"column":36},"end":{"line":614,"column":53}},{"start":{"line":614,"column":57},"end":{"line":614,"column":74}}],"line":614},"83":{"loc":{"start":{"line":620,"column":16},"end":{"line":624,"column":17}},"type":"if","locations":[{"start":{"line":620,"column":16},"end":{"line":624,"column":17}},{"start":{},"end":{}}],"line":620},"84":{"loc":{"start":{"line":620,"column":20},"end":{"line":620,"column":89}},"type":"binary-expr","locations":[{"start":{"line":620,"column":20},"end":{"line":620,"column":33}},{"start":{"line":620,"column":37},"end":{"line":620,"column":59}},{"start":{"line":620,"column":63},"end":{"line":620,"column":89}}],"line":620},"85":{"loc":{"start":{"line":621,"column":36},"end":{"line":621,"column":79}},"type":"binary-expr","locations":[{"start":{"line":621,"column":36},"end":{"line":621,"column":56}},{"start":{"line":621,"column":60},"end":{"line":621,"column":79}}],"line":621},"86":{"loc":{"start":{"line":627,"column":16},"end":{"line":634,"column":17}},"type":"if","locations":[{"start":{"line":627,"column":16},"end":{"line":634,"column":17}},{"start":{},"end":{}}],"line":627},"87":{"loc":{"start":{"line":627,"column":20},"end":{"line":627,"column":61}},"type":"binary-expr","locations":[{"start":{"line":627,"column":20},"end":{"line":627,"column":35}},{"start":{"line":627,"column":39},"end":{"line":627,"column":61}}],"line":627},"88":{"loc":{"start":{"line":629,"column":20},"end":{"line":633,"column":21}},"type":"if","locations":[{"start":{"line":629,"column":20},"end":{"line":633,"column":21}},{"start":{},"end":{}}],"line":629},"89":{"loc":{"start":{"line":630,"column":40},"end":{"line":630,"column":83}},"type":"binary-expr","locations":[{"start":{"line":630,"column":40},"end":{"line":630,"column":62}},{"start":{"line":630,"column":66},"end":{"line":630,"column":83}}],"line":630},"90":{"loc":{"start":{"line":655,"column":27},"end":{"line":655,"column":42}},"type":"default-arg","locations":[{"start":{"line":655,"column":40},"end":{"line":655,"column":42}}],"line":655},"91":{"loc":{"start":{"line":655,"column":44},"end":{"line":655,"column":58}},"type":"default-arg","locations":[{"start":{"line":655,"column":54},"end":{"line":655,"column":58}}],"line":655},"92":{"loc":{"start":{"line":660,"column":16},"end":{"line":675,"column":17}},"type":"if","locations":[{"start":{"line":660,"column":16},"end":{"line":675,"column":17}},{"start":{"line":662,"column":23},"end":{"line":675,"column":17}}],"line":660},"93":{"loc":{"start":{"line":662,"column":23},"end":{"line":675,"column":17}},"type":"if","locations":[{"start":{"line":662,"column":23},"end":{"line":675,"column":17}},{"start":{"line":666,"column":23},"end":{"line":675,"column":17}}],"line":662},"94":{"loc":{"start":{"line":666,"column":23},"end":{"line":675,"column":17}},"type":"if","locations":[{"start":{"line":666,"column":23},"end":{"line":675,"column":17}},{"start":{"line":670,"column":23},"end":{"line":675,"column":17}}],"line":666},"95":{"loc":{"start":{"line":666,"column":27},"end":{"line":666,"column":72}},"type":"binary-expr","locations":[{"start":{"line":666,"column":27},"end":{"line":666,"column":43}},{"start":{"line":666,"column":47},"end":{"line":666,"column":72}}],"line":666},"96":{"loc":{"start":{"line":670,"column":23},"end":{"line":675,"column":17}},"type":"if","locations":[{"start":{"line":670,"column":23},"end":{"line":675,"column":17}},{"start":{"line":673,"column":23},"end":{"line":675,"column":17}}],"line":670},"97":{"loc":{"start":{"line":670,"column":27},"end":{"line":670,"column":79}},"type":"binary-expr","locations":[{"start":{"line":670,"column":27},"end":{"line":670,"column":48}},{"start":{"line":670,"column":52},"end":{"line":670,"column":79}}],"line":670},"98":{"loc":{"start":{"line":679,"column":12},"end":{"line":693,"column":13}},"type":"if","locations":[{"start":{"line":679,"column":12},"end":{"line":693,"column":13}},{"start":{},"end":{}}],"line":679},"99":{"loc":{"start":{"line":680,"column":16},"end":{"line":692,"column":17}},"type":"if","locations":[{"start":{"line":680,"column":16},"end":{"line":692,"column":17}},{"start":{"line":682,"column":23},"end":{"line":692,"column":17}}],"line":680},"100":{"loc":{"start":{"line":682,"column":23},"end":{"line":692,"column":17}},"type":"if","locations":[{"start":{"line":682,"column":23},"end":{"line":692,"column":17}},{"start":{"line":684,"column":23},"end":{"line":692,"column":17}}],"line":682},"101":{"loc":{"start":{"line":684,"column":23},"end":{"line":692,"column":17}},"type":"if","locations":[{"start":{"line":684,"column":23},"end":{"line":692,"column":17}},{"start":{},"end":{}}],"line":684},"102":{"loc":{"start":{"line":686,"column":24},"end":{"line":690,"column":25}},"type":"if","locations":[{"start":{"line":686,"column":24},"end":{"line":690,"column":25}},{"start":{"line":688,"column":31},"end":{"line":690,"column":25}}],"line":686},"103":{"loc":{"start":{"line":688,"column":31},"end":{"line":690,"column":25}},"type":"if","locations":[{"start":{"line":688,"column":31},"end":{"line":690,"column":25}},{"start":{},"end":{}}],"line":688},"104":{"loc":{"start":{"line":703,"column":12},"end":{"line":705,"column":13}},"type":"if","locations":[{"start":{"line":703,"column":12},"end":{"line":705,"column":13}},{"start":{},"end":{}}],"line":703},"105":{"loc":{"start":{"line":703,"column":16},"end":{"line":703,"column":61}},"type":"binary-expr","locations":[{"start":{"line":703,"column":16},"end":{"line":703,"column":24}},{"start":{"line":703,"column":28},"end":{"line":703,"column":61}}],"line":703},"106":{"loc":{"start":{"line":720,"column":12},"end":{"line":722,"column":13}},"type":"if","locations":[{"start":{"line":720,"column":12},"end":{"line":722,"column":13}},{"start":{},"end":{}}],"line":720},"107":{"loc":{"start":{"line":720,"column":16},"end":{"line":720,"column":65}},"type":"binary-expr","locations":[{"start":{"line":720,"column":16},"end":{"line":720,"column":26}},{"start":{"line":720,"column":30},"end":{"line":720,"column":65}}],"line":720},"108":{"loc":{"start":{"line":728,"column":20},"end":{"line":731,"column":21}},"type":"if","locations":[{"start":{"line":728,"column":20},"end":{"line":731,"column":21}},{"start":{},"end":{}}],"line":728},"109":{"loc":{"start":{"line":728,"column":24},"end":{"line":728,"column":80}},"type":"binary-expr","locations":[{"start":{"line":728,"column":24},"end":{"line":728,"column":47}},{"start":{"line":728,"column":51},"end":{"line":728,"column":80}}],"line":728},"110":{"loc":{"start":{"line":742,"column":12},"end":{"line":744,"column":13}},"type":"if","locations":[{"start":{"line":742,"column":12},"end":{"line":744,"column":13}},{"start":{},"end":{}}],"line":742},"111":{"loc":{"start":{"line":742,"column":16},"end":{"line":742,"column":61}},"type":"binary-expr","locations":[{"start":{"line":742,"column":16},"end":{"line":742,"column":24}},{"start":{"line":742,"column":28},"end":{"line":742,"column":61}}],"line":742},"112":{"loc":{"start":{"line":746,"column":36},"end":{"line":746,"column":59}},"type":"cond-expr","locations":[{"start":{"line":746,"column":43},"end":{"line":746,"column":50}},{"start":{"line":746,"column":53},"end":{"line":746,"column":59}}],"line":746},"113":{"loc":{"start":{"line":755,"column":32},"end":{"line":755,"column":70}},"type":"default-arg","locations":[{"start":{"line":755,"column":49},"end":{"line":755,"column":70}}],"line":755},"114":{"loc":{"start":{"line":760,"column":8},"end":{"line":762,"column":9}},"type":"if","locations":[{"start":{"line":760,"column":8},"end":{"line":762,"column":9}},{"start":{},"end":{}}],"line":760},"115":{"loc":{"start":{"line":760,"column":12},"end":{"line":760,"column":34}},"type":"binary-expr","locations":[{"start":{"line":760,"column":12},"end":{"line":760,"column":17}},{"start":{"line":760,"column":21},"end":{"line":760,"column":34}}],"line":760},"116":{"loc":{"start":{"line":764,"column":8},"end":{"line":769,"column":9}},"type":"if","locations":[{"start":{"line":764,"column":8},"end":{"line":769,"column":9}},{"start":{"line":766,"column":15},"end":{"line":769,"column":9}}],"line":764}},"s":{"0":0,"1":0,"2":0,"3":0,"4":0,"5":0,"6":0,"7":0,"8":0,"9":0,"10":0,"11":0,"12":0,"13":0,"14":0,"15":0,"16":0,"17":0,"18":0,"19":0,"20":0,"21":0,"22":0,"23":0,"24":0,"25":0,"26":0,"27":0,"28":0,"29":0,"30":0,"31":0,"32":0,"33":0,"34":0,"35":0,"36":0,"37":0,"38":0,"39":0,"40":0,"41":0,"42":0,"43":0,"44":0,"45":0,"46":0,"47":0,"48":0,"49":0,"50":0,"51":0,"52":0,"53":0,"54":0,"55":0,"56":0,"57":0,"58":0,"59":0,"60":0,"61":0,"62":0,"63":0,"64":0,"65":0,"66":0,"67":0,"68":0,"69":0,"70":0,"71":0,"72":0,"73":0,"74":0,"75":0,"76":0,"77":0,"78":0,"79":0,"80":0,"81":0,"82":0,"83":0,"84":0,"85":0,"86":0,"87":0,"88":0,"89":0,"90":0,"91":0,"92":0,"93":0,"94":0,"95":0,"96":0,"97":0,"98":0,"99":0,"100":0,"101":0,"102":0,"103":0,"104":0,"105":0,"106":0,"107":0,"108":0,"109":0,"110":0,"111":0,"112":0,"113":0,"114":0,"115":0,"116":0,"117":0,"118":0,"119":0,"120":0,"121":0,"122":0,"123":0,"124":0,"125":0,"126":0,"127":0,"128":0,"129":0,"130":0,"131":0,"132":0,"133":0,"134":0,"135":0,"136":0,"137":0,"138":0,"139":0,"140":0,"141":0,"142":0,"143":0,"144":0,"145":0,"146":0,"147":0,"148":0,"149":0,"150":0,"151":0,"152":0,"153":0,"154":0,"155":0,"156":0,"157":0,"158":0,"159":0,"160":0,"161":0,"162":0,"163":0,"164":0,"165":0,"166":0,"167":0,"168":0,"169":0,"170":0,"171":0,"172":0,"173":0,"174":0,"175":0,"176":0,"177":0,"178":0,"179":0,"180":0,"181":0,"182":0,"183":0,"184":0,"185":0,"186":0,"187":0,"188":0,"189":0,"190":0,"191":0,"192":0,"193":0,"194":0,"195":0,"196":0,"197":0,"198":0,"199":0,"200":0,"201":0,"202":0,"203":0,"204":0,"205":0,"206":0,"207":0,"208":0,"209":0,"210":0,"211":0,"212":0,"213":0,"214":0,"215":0,"216":0,"217":0,"218":0,"219":0,"220":0,"221":0,"222":0,"223":0,"224":0,"225":0,"226":0,"227":0,"228":0,"229":0,"230":0,"231":0,"232":0,"233":0,"234":0,"235":0,"236":0,"237":0,"238":0,"239":0,"240":0,"241":0,"242":0,"243":0,"244":0,"245":0,"246":0,"247":0,"248":0,"249":0,"250":0,"251":0,"252":0,"253":0,"254":0,"255":0,"256":0,"257":0,"258":0},"f":{"0":0,"1":0,"2":0,"3":0,"4":0,"5":0,"6":0,"7":0,"8":0,"9":0,"10":0,"11":0,"12":0,"13":0,"14":0,"15":0,"16":0,"17":0,"18":0,"19":0,"20":0,"21":0,"22":0,"23":0,"24":0,"25":0,"26":0,"27":0,"28":0,"29":0,"30":0,"31":0,"32":0,"33":0,"34":0},"b":{"0":[0],"1":[0,0],"2":[0,0],"3":[0,0],"4":[0],"5":[0,0],"6":[0,0],"7":[0,0],"8":[0],"9":[0,0],"10":[0,0],"11":[0,0],"12":[0,0],"13":[0,0],"14":[0,0],"15":[0],"16":[0,0],"17":[0,0],"18":[0,0,0,0,0,0,0,0],"19":[0,0],"20":[0,0],"21":[0,0],"22":[0,0],"23":[0,0],"24":[0,0],"25":[0,0],"26":[0],"27":[0,0],"28":[0,0],"29":[0,0],"30":[0,0],"31":[0,0],"32":[0,0],"33":[0,0],"34":[0,0],"35":[0,0,0],"36":[0,0],"37":[0,0],"38":[0,0],"39":[0,0],"40":[0,0],"41":[0,0],"42":[0,0],"43":[0,0],"44":[0,0],"45":[0,0],"46":[0,0],"47":[0,0],"48":[0,0],"49":[0],"50":[0,0],"51":[0,0],"52":[0,0],"53":[0,0],"54":[0,0],"55":[0,0],"56":[0,0],"57":[0,0],"58":[0,0,0],"59":[0,0],"60":[0,0],"61":[0,0],"62":[0,0],"63":[0,0],"64":[0,0],"65":[0,0],"66":[0,0],"67":[0,0],"68":[0,0],"69":[0,0,0],"70":[0,0],"71":[0,0],"72":[0,0,0],"73":[0,0],"74":[0,0],"75":[0,0,0],"76":[0,0],"77":[0,0],"78":[0,0,0],"79":[0,0],"80":[0,0],"81":[0,0,0],"82":[0,0],"83":[0,0],"84":[0,0,0],"85":[0,0],"86":[0,0],"87":[0,0],"88":[0,0],"89":[0,0],"90":[0],"91":[0],"92":[0,0],"93":[0,0],"94":[0,0],"95":[0,0],"96":[0,0],"97":[0,0],"98":[0,0],"99":[0,0],"100":[0,0],"101":[0,0],"102":[0,0],"103":[0,0],"104":[0,0],"105":[0,0],"106":[0,0],"107":[0,0],"108":[0,0],"109":[0,0],"110":[0,0],"111":[0,0],"112":[0,0],"113":[0],"114":[0,0],"115":[0,0],"116":[0,0]}}
,"C:\\Users\\Usuario\\Downloads\\comedor-grupoavika\\js\\utils\\error-handler.js": {"path":"C:\\Users\\Usuario\\Downloads\\comedor-grupoavika\\js\\utils\\error-handler.js","statementMap":{"0":{"start":{"line":10,"column":4},"end":{"line":14,"column":5}},"1":{"start":{"line":11,"column":8},"end":{"line":11,"column":58}},"2":{"start":{"line":13,"column":8},"end":{"line":13,"column":52}},"3":{"start":{"line":16,"column":4},"end":{"line":16,"column":38}},"4":{"start":{"line":16,"column":16},"end":{"line":16,"column":38}},"5":{"start":{"line":19,"column":4},"end":{"line":49,"column":5}},"6":{"start":{"line":20,"column":8},"end":{"line":48,"column":9}},"7":{"start":{"line":22,"column":16},"end":{"line":22,"column":70}},"8":{"start":{"line":24,"column":16},"end":{"line":24,"column":58}},"9":{"start":{"line":26,"column":16},"end":{"line":26,"column":49}},"10":{"start":{"line":28,"column":16},"end":{"line":28,"column":95}},"11":{"start":{"line":30,"column":16},"end":{"line":30,"column":75}},"12":{"start":{"line":32,"column":16},"end":{"line":32,"column":52}},"13":{"start":{"line":34,"column":16},"end":{"line":34,"column":59}},"14":{"start":{"line":36,"column":16},"end":{"line":36,"column":66}},"15":{"start":{"line":38,"column":16},"end":{"line":38,"column":82}},"16":{"start":{"line":40,"column":16},"end":{"line":40,"column":101}},"17":{"start":{"line":42,"column":16},"end":{"line":42,"column":84}},"18":{"start":{"line":44,"column":16},"end":{"line":44,"column":82}},"19":{"start":{"line":47,"column":16},"end":{"line":47,"column":22}},"20":{"start":{"line":52,"column":4},"end":{"line":54,"column":5}},"21":{"start":{"line":53,"column":8},"end":{"line":53,"column":105}},"22":{"start":{"line":57,"column":4},"end":{"line":59,"column":5}},"23":{"start":{"line":58,"column":8},"end":{"line":58,"column":80}},"24":{"start":{"line":62,"column":4},"end":{"line":62,"column":26}},"25":{"start":{"line":72,"column":23},"end":{"line":72,"column":61}},"26":{"start":{"line":74,"column":4},"end":{"line":89,"column":5}},"27":{"start":{"line":75,"column":8},"end":{"line":75,"column":41}},"28":{"start":{"line":76,"column":8},"end":{"line":76,"column":43}},"29":{"start":{"line":79,"column":8},"end":{"line":83,"column":9}},"30":{"start":{"line":80,"column":12},"end":{"line":82,"column":25}},"31":{"start":{"line":81,"column":16},"end":{"line":81,"column":50}},"32":{"start":{"line":86,"column":8},"end":{"line":86,"column":44}},"33":{"start":{"line":88,"column":8},"end":{"line":88,"column":35}},"34":{"start":{"line":98,"column":25},"end":{"line":98,"column":65}},"35":{"start":{"line":99,"column":4},"end":{"line":114,"column":5}},"36":{"start":{"line":100,"column":8},"end":{"line":100,"column":43}},"37":{"start":{"line":101,"column":8},"end":{"line":101,"column":45}},"38":{"start":{"line":104,"column":8},"end":{"line":108,"column":9}},"39":{"start":{"line":105,"column":12},"end":{"line":107,"column":25}},"40":{"start":{"line":106,"column":16},"end":{"line":106,"column":52}},"41":{"start":{"line":111,"column":8},"end":{"line":111,"column":41}},"42":{"start":{"line":113,"column":8},"end":{"line":113,"column":35}},"43":{"start":{"line":122,"column":29},"end":{"line":122,"column":73}},"44":{"start":{"line":123,"column":4},"end":{"line":125,"column":5}},"45":{"start":{"line":124,"column":8},"end":{"line":124,"column":69}},"46":{"start":{"line":128,"column":20},"end":{"line":128,"column":95}},"47":{"start":{"line":129,"column":4},"end":{"line":131,"column":7}},"48":{"start":{"line":130,"column":8},"end":{"line":130,"column":36}},"49":{"start":{"line":135,"column":0},"end":{"line":140,"column":2}}},"fnMap":{"0":{"name":"handleFirestoreError","decl":{"start":{"line":9,"column":9},"end":{"line":9,"column":29}},"loc":{"start":{"line":9,"column":103},"end":{"line":63,"column":1}},"line":9},"1":{"name":"showUIError","decl":{"start":{"line":70,"column":9},"end":{"line":70,"column":20}},"loc":{"start":{"line":70,"column":47},"end":{"line":90,"column":1}},"line":70},"2":{"name":"(anonymous_2)","decl":{"start":{"line":80,"column":23},"end":{"line":80,"column":24}},"loc":{"start":{"line":80,"column":29},"end":{"line":82,"column":13}},"line":80},"3":{"name":"showUISuccess","decl":{"start":{"line":97,"column":9},"end":{"line":97,"column":22}},"loc":{"start":{"line":97,"column":49},"end":{"line":115,"column":1}},"line":97},"4":{"name":"(anonymous_4)","decl":{"start":{"line":105,"column":23},"end":{"line":105,"column":24}},"loc":{"start":{"line":105,"column":29},"end":{"line":107,"column":13}},"line":105},"5":{"name":"toggleLoadingIndicator","decl":{"start":{"line":121,"column":9},"end":{"line":121,"column":31}},"loc":{"start":{"line":121,"column":43},"end":{"line":132,"column":1}},"line":121},"6":{"name":"(anonymous_6)","decl":{"start":{"line":129,"column":20},"end":{"line":129,"column":21}},"loc":{"start":{"line":129,"column":30},"end":{"line":131,"column":5}},"line":129}},"branchMap":{"0":{"loc":{"start":{"line":9,"column":37},"end":{"line":9,"column":101}},"type":"default-arg","locations":[{"start":{"line":9,"column":54},"end":{"line":9,"column":101}}],"line":9},"1":{"loc":{"start":{"line":10,"column":4},"end":{"line":14,"column":5}},"type":"if","locations":[{"start":{"line":10,"column":4},"end":{"line":14,"column":5}},{"start":{"line":12,"column":11},"end":{"line":14,"column":5}}],"line":10},"2":{"loc":{"start":{"line":10,"column":8},"end":{"line":10,"column":44}},"type":"binary-expr","locations":[{"start":{"line":10,"column":8},"end":{"line":10,"column":21}},{"start":{"line":10,"column":25},"end":{"line":10,"column":44}}],"line":10},"3":{"loc":{"start":{"line":16,"column":4},"end":{"line":16,"column":38}},"type":"if","locations":[{"start":{"line":16,"column":4},"end":{"line":16,"column":38}},{"start":{},"end":{}}],"line":16},"4":{"loc":{"start":{"line":19,"column":4},"end":{"line":49,"column":5}},"type":"if","locations":[{"start":{"line":19,"column":4},"end":{"line":49,"column":5}},{"start":{},"end":{}}],"line":19},"5":{"loc":{"start":{"line":20,"column":8},"end":{"line":48,"column":9}},"type":"switch","locations":[{"start":{"line":21,"column":12},"end":{"line":22,"column":70}},{"start":{"line":23,"column":12},"end":{"line":24,"column":58}},{"start":{"line":25,"column":12},"end":{"line":26,"column":49}},{"start":{"line":27,"column":12},"end":{"line":28,"column":95}},{"start":{"line":29,"column":12},"end":{"line":30,"column":75}},{"start":{"line":31,"column":12},"end":{"line":32,"column":52}},{"start":{"line":33,"column":12},"end":{"line":34,"column":59}},{"start":{"line":35,"column":12},"end":{"line":36,"column":66}},{"start":{"line":37,"column":12},"end":{"line":38,"column":82}},{"start":{"line":39,"column":12},"end":{"line":40,"column":101}},{"start":{"line":41,"column":12},"end":{"line":42,"column":84}},{"start":{"line":43,"column":12},"end":{"line":44,"column":82}},{"start":{"line":45,"column":12},"end":{"line":47,"column":22}}],"line":20},"6":{"loc":{"start":{"line":52,"column":4},"end":{"line":54,"column":5}},"type":"if","locations":[{"start":{"line":52,"column":4},"end":{"line":54,"column":5}},{"start":{},"end":{}}],"line":52},"7":{"loc":{"start":{"line":52,"column":8},"end":{"line":52,"column":56}},"type":"binary-expr","locations":[{"start":{"line":52,"column":8},"end":{"line":52,"column":21}},{"start":{"line":52,"column":25},"end":{"line":52,"column":56}}],"line":52},"8":{"loc":{"start":{"line":57,"column":4},"end":{"line":59,"column":5}},"type":"if","locations":[{"start":{"line":57,"column":4},"end":{"line":59,"column":5}},{"start":{},"end":{}}],"line":57},"9":{"loc":{"start":{"line":57,"column":8},"end":{"line":57,"column":100}},"type":"binary-expr","locations":[{"start":{"line":57,"column":8},"end":{"line":57,"column":21}},{"start":{"line":57,"column":26},"end":{"line":57,"column":59}},{"start":{"line":57,"column":63},"end":{"line":57,"column":99}}],"line":57},"10":{"loc":{"start":{"line":70,"column":30},"end":{"line":70,"column":45}},"type":"default-arg","locations":[{"start":{"line":70,"column":41},"end":{"line":70,"column":45}}],"line":70},"11":{"loc":{"start":{"line":74,"column":4},"end":{"line":89,"column":5}},"type":"if","locations":[{"start":{"line":74,"column":4},"end":{"line":89,"column":5}},{"start":{"line":84,"column":11},"end":{"line":89,"column":5}}],"line":74},"12":{"loc":{"start":{"line":79,"column":8},"end":{"line":83,"column":9}},"type":"if","locations":[{"start":{"line":79,"column":8},"end":{"line":83,"column":9}},{"start":{},"end":{}}],"line":79},"13":{"loc":{"start":{"line":97,"column":32},"end":{"line":97,"column":47}},"type":"default-arg","locations":[{"start":{"line":97,"column":43},"end":{"line":97,"column":47}}],"line":97},"14":{"loc":{"start":{"line":99,"column":4},"end":{"line":114,"column":5}},"type":"if","locations":[{"start":{"line":99,"column":4},"end":{"line":114,"column":5}},{"start":{"line":109,"column":11},"end":{"line":114,"column":5}}],"line":99},"15":{"loc":{"start":{"line":104,"column":8},"end":{"line":108,"column":9}},"type":"if","locations":[{"start":{"line":104,"column":8},"end":{"line":108,"column":9}},{"start":{},"end":{}}],"line":104},"16":{"loc":{"start":{"line":123,"column":4},"end":{"line":125,"column":5}},"type":"if","locations":[{"start":{"line":123,"column":4},"end":{"line":125,"column":5}},{"start":{},"end":{}}],"line":123},"17":{"loc":{"start":{"line":124,"column":41},"end":{"line":124,"column":68}},"type":"cond-expr","locations":[{"start":{"line":124,"column":53},"end":{"line":124,"column":59}},{"start":{"line":124,"column":62},"end":{"line":124,"column":68}}],"line":124}},"s":{"0":0,"1":0,"2":0,"3":0,"4":0,"5":0,"6":0,"7":0,"8":0,"9":0,"10":0,"11":0,"12":0,"13":0,"14":0,"15":0,"16":0,"17":0,"18":0,"19":0,"20":0,"21":0,"22":0,"23":0,"24":0,"25":0,"26":0,"27":0,"28":0,"29":0,"30":0,"31":0,"32":0,"33":0,"34":0,"35":0,"36":0,"37":0,"38":0,"39":0,"40":0,"41":0,"42":0,"43":0,"44":0,"45":0,"46":0,"47":0,"48":0,"49":0},"f":{"0":0,"1":0,"2":0,"3":0,"4":0,"5":0,"6":0},"b":{"0":[0],"1":[0,0],"2":[0,0],"3":[0,0],"4":[0,0],"5":[0,0,0,0,0,0,0,0,0,0,0,0,0],"6":[0,0],"7":[0,0],"8":[0,0],"9":[0,0,0],"10":[0],"11":[0,0],"12":[0,0],"13":[0],"14":[0,0],"15":[0,0],"16":[0,0],"17":[0,0]}}
,"C:\\Users\\Usuario\\Downloads\\comedor-grupoavika\\js\\utils\\logger.js": {"path":"C:\\Users\\Usuario\\Downloads\\comedor-grupoavika\\js\\utils\\logger.js","statementMap":{"0":{"start":{"line":6,"column":19},"end":{"line":11,"column":1}},"1":{"start":{"line":18,"column":21},"end":{"line":19,"column":68}},"2":{"start":{"line":20,"column":24},"end":{"line":20,"column":74}},"3":{"start":{"line":29,"column":4},"end":{"line":47,"column":5}},"4":{"start":{"line":30,"column":26},"end":{"line":30,"column":50}},"5":{"start":{"line":31,"column":23},"end":{"line":31,"column":39}},"6":{"start":{"line":33,"column":8},"end":{"line":46,"column":9}},"7":{"start":{"line":35,"column":16},"end":{"line":35,"column":93}},"8":{"start":{"line":36,"column":16},"end":{"line":36,"column":22}},"9":{"start":{"line":38,"column":16},"end":{"line":38,"column":91}},"10":{"start":{"line":39,"column":16},"end":{"line":39,"column":22}},"11":{"start":{"line":41,"column":16},"end":{"line":41,"column":91}},"12":{"start":{"line":42,"column":16},"end":{"line":42,"column":22}},"13":{"start":{"line":44,"column":16},"end":{"line":44,"column":93}},"14":{"start":{"line":45,"column":16},"end":{"line":45,"column":22}},"15":{"start":{"line":54,"column":4},"end":{"line":54,"column":41}},"16":{"start":{"line":58,"column":4},"end":{"line":58,"column":40}},"17":{"start":{"line":62,"column":4},"end":{"line":62,"column":40}},"18":{"start":{"line":66,"column":4},"end":{"line":66,"column":41}},"19":{"start":{"line":70,"column":0},"end":{"line":77,"column":2}}},"fnMap":{"0":{"name":"log","decl":{"start":{"line":28,"column":9},"end":{"line":28,"column":12}},"loc":{"start":{"line":28,"column":35},"end":{"line":48,"column":1}},"line":28},"1":{"name":"debug","decl":{"start":{"line":53,"column":9},"end":{"line":53,"column":14}},"loc":{"start":{"line":53,"column":30},"end":{"line":55,"column":1}},"line":53},"2":{"name":"info","decl":{"start":{"line":57,"column":9},"end":{"line":57,"column":13}},"loc":{"start":{"line":57,"column":29},"end":{"line":59,"column":1}},"line":57},"3":{"name":"warn","decl":{"start":{"line":61,"column":9},"end":{"line":61,"column":13}},"loc":{"start":{"line":61,"column":29},"end":{"line":63,"column":1}},"line":61},"4":{"name":"error","decl":{"start":{"line":65,"column":9},"end":{"line":65,"column":14}},"loc":{"start":{"line":65,"column":30},"end":{"line":67,"column":1}},"line":65}},"branchMap":{"0":{"loc":{"start":{"line":18,"column":21},"end":{"line":19,"column":68}},"type":"binary-expr","locations":[{"start":{"line":18,"column":21},"end":{"line":18,"column":61}},{"start":{"line":19,"column":21},"end":{"line":19,"column":68}}],"line":18},"1":{"loc":{"start":{"line":20,"column":24},"end":{"line":20,"column":74}},"type":"cond-expr","locations":[{"start":{"line":20,"column":39},"end":{"line":20,"column":55}},{"start":{"line":20,"column":58},"end":{"line":20,"column":74}}],"line":20},"2":{"loc":{"start":{"line":29,"column":4},"end":{"line":47,"column":5}},"type":"if","locations":[{"start":{"line":29,"column":4},"end":{"line":47,"column":5}},{"start":{},"end":{}}],"line":29},"3":{"loc":{"start":{"line":33,"column":8},"end":{"line":46,"column":9}},"type":"switch","locations":[{"start":{"line":34,"column":12},"end":{"line":36,"column":22}},{"start":{"line":37,"column":12},"end":{"line":39,"column":22}},{"start":{"line":40,"column":12},"end":{"line":42,"column":22}},{"start":{"line":43,"column":12},"end":{"line":45,"column":22}}],"line":33},"4":{"loc":{"start":{"line":35,"column":16},"end":{"line":35,"column":92}},"type":"cond-expr","locations":[{"start":{"line":35,"column":23},"end":{"line":35,"column":59}},{"start":{"line":35,"column":62},"end":{"line":35,"column":92}}],"line":35},"5":{"loc":{"start":{"line":38,"column":16},"end":{"line":38,"column":90}},"type":"cond-expr","locations":[{"start":{"line":38,"column":23},"end":{"line":38,"column":58}},{"start":{"line":38,"column":61},"end":{"line":38,"column":90}}],"line":38},"6":{"loc":{"start":{"line":41,"column":16},"end":{"line":41,"column":90}},"type":"cond-expr","locations":[{"start":{"line":41,"column":23},"end":{"line":41,"column":58}},{"start":{"line":41,"column":61},"end":{"line":41,"column":90}}],"line":41},"7":{"loc":{"start":{"line":44,"column":16},"end":{"line":44,"column":92}},"type":"cond-expr","locations":[{"start":{"line":44,"column":23},"end":{"line":44,"column":59}},{"start":{"line":44,"column":62},"end":{"line":44,"column":92}}],"line":44}},"s":{"0":0,"1":0,"2":0,"3":0,"4":0,"5":0,"6":0,"7":0,"8":0,"9":0,"10":0,"11":0,"12":0,"13":0,"14":0,"15":0,"16":0,"17":0,"18":0,"19":0},"f":{"0":0,"1":0,"2":0,"3":0,"4":0},"b":{"0":[0,0],"1":[0,0],"2":[0,0],"3":[0,0,0,0],"4":[0,0],"5":[0,0],"6":[0,0],"7":[0,0]}}
,"C:\\Users\\Usuario\\Downloads\\comedor-grupoavika\\js\\utils\\date\\date-utils.js": {"path":"C:\\Users\\Usuario\\Downloads\\comedor-grupoavika\\js\\utils\\date\\date-utils.js","statementMap":{"0":{"start":{"line":6,"column":21},"end":{"line":12,"column":1}},"1":{"start":{"line":20,"column":18},"end":{"line":20,"column":49}},"2":{"start":{"line":21,"column":4},"end":{"line":21,"column":76}},"3":{"start":{"line":30,"column":18},"end":{"line":30,"column":69}},"4":{"start":{"line":31,"column":4},"end":{"line":31,"column":56}},"5":{"start":{"line":40,"column":16},"end":{"line":40,"column":29}},"6":{"start":{"line":41,"column":17},"end":{"line":41,"column":60}},"7":{"start":{"line":42,"column":4},"end":{"line":42,"column":40}},"8":{"start":{"line":51,"column":17},"end":{"line":51,"column":35}},"9":{"start":{"line":52,"column":18},"end":{"line":52,"column":62}},"10":{"start":{"line":53,"column":16},"end":{"line":53,"column":55}},"11":{"start":{"line":54,"column":4},"end":{"line":54,"column":37}},"12":{"start":{"line":63,"column":16},"end":{"line":63,"column":55}},"13":{"start":{"line":64,"column":18},"end":{"line":64,"column":62}},"14":{"start":{"line":65,"column":17},"end":{"line":65,"column":35}},"15":{"start":{"line":66,"column":4},"end":{"line":66,"column":37}},"16":{"start":{"line":70,"column":0},"end":{"line":77,"column":2}}},"fnMap":{"0":{"name":"adminToCoordinatorFormat","decl":{"start":{"line":19,"column":9},"end":{"line":19,"column":33}},"loc":{"start":{"line":19,"column":39},"end":{"line":22,"column":1}},"line":19},"1":{"name":"coordinatorToAdminFormat","decl":{"start":{"line":29,"column":9},"end":{"line":29,"column":33}},"loc":{"start":{"line":29,"column":39},"end":{"line":32,"column":1}},"line":29},"2":{"name":"getMonday","decl":{"start":{"line":39,"column":9},"end":{"line":39,"column":18}},"loc":{"start":{"line":39,"column":25},"end":{"line":43,"column":1}},"line":39},"3":{"name":"formatDate","decl":{"start":{"line":50,"column":9},"end":{"line":50,"column":19}},"loc":{"start":{"line":50,"column":26},"end":{"line":55,"column":1}},"line":50},"4":{"name":"formatDateDisplay","decl":{"start":{"line":62,"column":9},"end":{"line":62,"column":26}},"loc":{"start":{"line":62,"column":33},"end":{"line":67,"column":1}},"line":62}},"branchMap":{"0":{"loc":{"start":{"line":21,"column":11},"end":{"line":21,"column":75}},"type":"cond-expr","locations":[{"start":{"line":21,"column":24},"end":{"line":21,"column":55}},{"start":{"line":21,"column":58},"end":{"line":21,"column":75}}],"line":21},"1":{"loc":{"start":{"line":31,"column":11},"end":{"line":31,"column":55}},"type":"cond-expr","locations":[{"start":{"line":31,"column":24},"end":{"line":31,"column":49}},{"start":{"line":31,"column":52},"end":{"line":31,"column":55}}],"line":31},"2":{"loc":{"start":{"line":41,"column":41},"end":{"line":41,"column":59}},"type":"cond-expr","locations":[{"start":{"line":41,"column":53},"end":{"line":41,"column":55}},{"start":{"line":41,"column":58},"end":{"line":41,"column":59}}],"line":41}},"s":{"0":0,"1":0,"2":0,"3":0,"4":0,"5":0,"6":0,"7":0,"8":0,"9":0,"10":0,"11":0,"12":0,"13":0,"14":0,"15":0,"16":0},"f":{"0":0,"1":0,"2":0,"3":0,"4":0},"b":{"0":[0,0],"1":[0,0],"2":[0,0]}}
,"C:\\Users\\Usuario\\Downloads\\comedor-grupoavika\\js\\utils\\formatting\\data-formatter.js": {"path":"C:\\Users\\Usuario\\Downloads\\comedor-grupoavika\\js\\utils\\formatting\\data-formatter.js","statementMap":{"0":{"start":{"line":9,"column":17},"end":{"line":9,"column":35}},"1":{"start":{"line":10,"column":18},"end":{"line":10,"column":62}},"2":{"start":{"line":11,"column":16},"end":{"line":11,"column":55}},"3":{"start":{"line":12,"column":4},"end":{"line":12,"column":37}},"4":{"start":{"line":23,"column":4},"end":{"line":31,"column":5}},"5":{"start":{"line":25,"column":35},"end":{"line":25,"column":80}},"6":{"start":{"line":25,"column":62},"end":{"line":25,"column":79}},"7":{"start":{"line":26,"column":8},"end":{"line":26,"column":49}},"8":{"start":{"line":27,"column":11},"end":{"line":31,"column":5}},"9":{"start":{"line":28,"column":8},"end":{"line":28,"column":23}},"10":{"start":{"line":30,"column":8},"end":{"line":30,"column":18}},"11":{"start":{"line":33,"column":16},"end":{"line":33,"column":58}},"12":{"start":{"line":34,"column":18},"end":{"line":34,"column":65}},"13":{"start":{"line":35,"column":17},"end":{"line":35,"column":38}},"14":{"start":{"line":36,"column":4},"end":{"line":36,"column":37}},"15":{"start":{"line":45,"column":17},"end":{"line":45,"column":91}},"16":{"start":{"line":48,"column":4},"end":{"line":56,"column":5}},"17":{"start":{"line":50,"column":35},"end":{"line":50,"column":80}},"18":{"start":{"line":50,"column":62},"end":{"line":50,"column":79}},"19":{"start":{"line":51,"column":8},"end":{"line":51,"column":49}},"20":{"start":{"line":52,"column":11},"end":{"line":56,"column":5}},"21":{"start":{"line":53,"column":8},"end":{"line":53,"column":23}},"22":{"start":{"line":55,"column":8},"end":{"line":55,"column":18}},"23":{"start":{"line":58,"column":4},"end":{"line":58,"column":34}},"24":{"start":{"line":67,"column":16},"end":{"line":67,"column":29}},"25":{"start":{"line":68,"column":17},"end":{"line":68,"column":60}},"26":{"start":{"line":69,"column":4},"end":{"line":69,"column":40}},"27":{"start":{"line":80,"column":4},"end":{"line":83,"column":21}},"28":{"start":{"line":93,"column":4},"end":{"line":93,"column":55}},"29":{"start":{"line":102,"column":4},"end":{"line":104,"column":5}},"30":{"start":{"line":103,"column":8},"end":{"line":103,"column":18}},"31":{"start":{"line":106,"column":17},"end":{"line":106,"column":35}},"32":{"start":{"line":107,"column":16},"end":{"line":107,"column":55}},"33":{"start":{"line":108,"column":18},"end":{"line":108,"column":62}},"34":{"start":{"line":109,"column":17},"end":{"line":109,"column":35}},"35":{"start":{"line":110,"column":18},"end":{"line":110,"column":58}},"36":{"start":{"line":111,"column":20},"end":{"line":111,"column":62}},"37":{"start":{"line":113,"column":4},"end":{"line":113,"column":57}},"38":{"start":{"line":122,"column":4},"end":{"line":124,"column":5}},"39":{"start":{"line":123,"column":8},"end":{"line":123,"column":20}},"40":{"start":{"line":126,"column":4},"end":{"line":126,"column":30}},"41":{"start":{"line":136,"column":4},"end":{"line":136,"column":25}},"42":{"start":{"line":136,"column":15},"end":{"line":136,"column":25}},"43":{"start":{"line":138,"column":4},"end":{"line":140,"column":5}},"44":{"start":{"line":139,"column":8},"end":{"line":139,"column":20}},"45":{"start":{"line":142,"column":4},"end":{"line":142,"column":48}},"46":{"start":{"line":152,"column":4},"end":{"line":154,"column":5}},"47":{"start":{"line":153,"column":8},"end":{"line":153,"column":18}},"48":{"start":{"line":157,"column":22},"end":{"line":157,"column":67}},"49":{"start":{"line":157,"column":44},"end":{"line":157,"column":56}},"50":{"start":{"line":160,"column":17},"end":{"line":177,"column":6}},"51":{"start":{"line":161,"column":8},"end":{"line":176,"column":21}},"52":{"start":{"line":162,"column":28},"end":{"line":162,"column":44}},"53":{"start":{"line":165,"column":12},"end":{"line":173,"column":13}},"54":{"start":{"line":166,"column":16},"end":{"line":166,"column":31}},"55":{"start":{"line":167,"column":19},"end":{"line":173,"column":13}},"56":{"start":{"line":169,"column":16},"end":{"line":169,"column":58}},"57":{"start":{"line":170,"column":16},"end":{"line":172,"column":17}},"58":{"start":{"line":171,"column":20},"end":{"line":171,"column":49}},"59":{"start":{"line":175,"column":12},"end":{"line":175,"column":29}},"60":{"start":{"line":180,"column":4},"end":{"line":180,"column":43}},"61":{"start":{"line":191,"column":4},"end":{"line":193,"column":5}},"62":{"start":{"line":192,"column":8},"end":{"line":192,"column":72}},"63":{"start":{"line":196,"column":27},"end":{"line":196,"column":29}},"64":{"start":{"line":199,"column":4},"end":{"line":205,"column":5}},"65":{"start":{"line":200,"column":30},"end":{"line":202,"column":44}},"66":{"start":{"line":204,"column":8},"end":{"line":204,"column":54}},"67":{"start":{"line":208,"column":17},"end":{"line":208,"column":91}},"68":{"start":{"line":210,"column":4},"end":{"line":216,"column":7}},"69":{"start":{"line":211,"column":8},"end":{"line":215,"column":9}},"70":{"start":{"line":212,"column":12},"end":{"line":212,"column":48}},"71":{"start":{"line":213,"column":15},"end":{"line":215,"column":9}},"72":{"start":{"line":214,"column":12},"end":{"line":214,"column":43}},"73":{"start":{"line":218,"column":4},"end":{"line":218,"column":26}},"74":{"start":{"line":227,"column":4},"end":{"line":236,"column":6}},"75":{"start":{"line":245,"column":19},"end":{"line":245,"column":34}},"76":{"start":{"line":246,"column":19},"end":{"line":246,"column":35}},"77":{"start":{"line":247,"column":4},"end":{"line":247,"column":41}},"78":{"start":{"line":249,"column":4},"end":{"line":256,"column":6}},"79":{"start":{"line":267,"column":23},"end":
[...]
d":{"line":196,"column":28}},"70":{"start":{"line":200,"column":8},"end":{"line":203,"column":9}},"71":{"start":{"line":201,"column":12},"end":{"line":201,"column":83}},"72":{"start":{"line":202,"column":12},"end":{"line":202,"column":28}},"73":{"start":{"line":206,"column":8},"end":{"line":209,"column":9}},"74":{"start":{"line":207,"column":12},"end":{"line":207,"column":97}},"75":{"start":{"line":208,"column":12},"end":{"line":208,"column":28}},"76":{"start":{"line":212,"column":8},"end":{"line":215,"column":9}},"77":{"start":{"line":213,"column":12},"end":{"line":213,"column":106}},"78":{"start":{"line":214,"column":12},"end":{"line":214,"column":28}},"79":{"start":{"line":218,"column":8},"end":{"line":221,"column":9}},"80":{"start":{"line":219,"column":12},"end":{"line":219,"column":109}},"81":{"start":{"line":220,"column":12},"end":{"line":220,"column":28}},"82":{"start":{"line":224,"column":8},"end":{"line":227,"column":9}},"83":{"start":{"line":225,"column":12},"end":{"line":225,"column":67}},"84":{"start":{"line":226,"column":12},"end":{"line":226,"column":28}},"85":{"start":{"line":230,"column":8},"end":{"line":233,"column":9}},"86":{"start":{"line":231,"column":12},"end":{"line":231,"column":88}},"87":{"start":{"line":232,"column":12},"end":{"line":232,"column":28}},"88":{"start":{"line":236,"column":8},"end":{"line":239,"column":9}},"89":{"start":{"line":237,"column":12},"end":{"line":237,"column":86}},"90":{"start":{"line":238,"column":12},"end":{"line":238,"column":28}},"91":{"start":{"line":242,"column":8},"end":{"line":245,"column":9}},"92":{"start":{"line":243,"column":12},"end":{"line":243,"column":112}},"93":{"start":{"line":244,"column":12},"end":{"line":244,"column":28}},"94":{"start":{"line":248,"column":8},"end":{"line":254,"column":9}},"95":{"start":{"line":249,"column":34},"end":{"line":249,"column":66}},"96":{"start":{"line":250,"column":12},"end":{"line":253,"column":13}},"97":{"start":{"line":251,"column":16},"end":{"line":251,"column":76}},"98":{"start":{"line":252,"column":16},"end":{"line":252,"column":32}},"99":{"start":{"line":257,"column":4},"end":{"line":260,"column":6}}},"fnMap":{"0":{"name":"isValidEmail","decl":{"start":{"line":8,"column":9},"end":{"line":8,"column":21}},"loc":{"start":{"line":8,"column":29},"end":{"line":14,"column":1}},"line":8},"1":{"name":"isNotEmpty","decl":{"start":{"line":21,"column":9},"end":{"line":21,"column":19}},"loc":{"start":{"line":21,"column":27},"end":{"line":23,"column":1}},"line":21},"2":{"name":"isNumber","decl":{"start":{"line":30,"column":9},"end":{"line":30,"column":17}},"loc":{"start":{"line":30,"column":25},"end":{"line":33,"column":1}},"line":30},"3":{"name":"isPositive","decl":{"start":{"line":40,"column":9},"end":{"line":40,"column":19}},"loc":{"start":{"line":40,"column":27},"end":{"line":43,"column":1}},"line":40},"4":{"name":"isInRange","decl":{"start":{"line":52,"column":9},"end":{"line":52,"column":18}},"loc":{"start":{"line":52,"column":36},"end":{"line":56,"column":1}},"line":52},"5":{"name":"isValidDate","decl":{"start":{"line":63,"column":9},"end":{"line":63,"column":20}},"loc":{"start":{"line":63,"column":30},"end":{"line":69,"column":1}},"line":63},"6":{"name":"isFutureDate","decl":{"start":{"line":76,"column":9},"end":{"line":76,"column":21}},"loc":{"start":{"line":76,"column":31},"end":{"line":84,"column":1}},"line":76},"7":{"name":"isPastDate","decl":{"start":{"line":91,"column":9},"end":{"line":91,"column":19}},"loc":{"start":{"line":91,"column":29},"end":{"line":99,"column":1}},"line":91},"8":{"name":"isStrongPassword","decl":{"start":{"line":107,"column":9},"end":{"line":107,"column":25}},"loc":{"start":{"line":107,"column":51},"end":{"line":126,"column":1}},"line":107},"9":{"name":"hasMinLength","decl":{"start":{"line":134,"column":9},"end":{"line":134,"column":21}},"loc":{"start":{"line":134,"column":40},"end":{"line":137,"column":1}},"line":134},"10":{"name":"hasMaxLength","decl":{"start":{"line":145,"column":9},"end":{"line":145,"column":21}},"loc":{"start":{"line":145,"column":40},"end":{"line":148,"column":1}},"line":145},"11":{"name":"isInArray","decl":{"start":{"line":156,"column":9},"end":{"line":156,"column":18}},"loc":{"start":{"line":156,"column":33},"end":{"line":159,"column":1}},"line":156},"12":{"name":"validateForm","decl":{"start":{"line":167,"column":9},"end":{"line":167,"column":21}},"loc":{"start":{"line":167,"column":49},"end":{"line":261,"column":1}},"line":167}},"branchMap":{"0":{"loc":{"start":{"line":9,"column":4},"end":{"line":9,"column":29}},"type":"if","locations":[{"start":{"line":9,"column":4},"end":{"line":9,"column":29}},{"start":{},"end":{}}],"line":9},"1":{"loc":{"start":{"line":22,"column":11},"end":{"line":22,"column":71}},"type":"binary-expr","locations":[{"start":{"line":22,"column":11},"end":{"line":22,"column":25}},{"start":{"line":22,"column":29},"end":{"line":22,"column":48}},{"start":{"line":22,"column":52},"end":{"line":22,"column":71}}],"line":22},"2":{"loc":{"start":{"line":31,"column":4},"end":{"line":31,"column":76}},"type":"if","locations":[{"start":{"line":31,"column":4},"end":{"line":31,"column":76}},{"start":{},"end":{}}],"line":31},"3":{"loc":{"start":{"line":31,"column":8},"end":{"line":31,"column":61}},"type":"binary-expr","locations":[{"start":{"line":31,"column":8},"end":{"line":31,"column":22}},{"start":{"line":31,"column":26},"end":{"line":31,"column":45}},{"start":{"line":31,"column":49},"end":{"line":31,"column":61}}],"line":31},"4":{"loc":{"start":{"line":41,"column":4},"end":{"line":41,"column":39}},"type":"if","locations":[{"start":{"line":41,"column":4},"end":{"line":41,"column":39}},{"start":{},"end":{}}],"line":41},"5":{"loc":{"start":{"line":53,"column":4},"end":{"line":53,"column":39}},"type":"if","locations":[{"start":{"line":53,"column":4},"end":{"line":53,"column":39}},{"start":{},"end":{}}],"line":53},"6":{"loc":{"start":{"line":55,"column":11},"end":{"line":55,"column":45}},"type":"binary-expr","locations":[{"start":{"line":55,"column":11},"end":{"line":55,"column":26}},{"start":{"line":55,"column":30},"end":{"line":55,"column":45}}],"line":55},"7":{"loc":{"start":{"line":64,"column":4},"end":{"line":64,"column":31}},"type":"if","locations":[{"start":{"line":64,"column":4},"end":{"line":64,"column":31}},{"start":{},"end":{}}],"line":64},"8":{"loc":{"start":{"line":77,"column":4},"end":{"line":77,"column":44}},"type":"if","locations":[{"start":{"line":77,"column":4},"end":{"line":77,"column":44}},{"start":{},"end":{}}],"line":77},"9":{"loc":{"start":{"line":92,"column":4},"end":{"line":92,"column":44}},"type":"if","locations":[{"start":{"line":92,"column":4},"end":{"line":92,"column":44}},{"start":{},"end":{}}],"line":92},"10":{"loc":{"start":{"line":107,"column":36},"end":{"line":107,"column":49}},"type":"default-arg","locations":[{"start":{"line":107,"column":48},"end":{"line":107,"column":49}}],"line":107},"11":{"loc":{"start":{"line":108,"column":4},"end":{"line":108,"column":32}},"type":"if","locations":[{"start":{"line":108,"column":4},"end":{"line":108,"column":32}},{"start":{},"end":{}}],"line":108},"12":{"loc":{"start":{"line":111,"column":4},"end":{"line":111,"column":50}},"type":"if","locations":[{"start":{"line":111,"column":4},"end":{"line":111,"column":50}},{"start":{},"end":{}}],"line":111},"13":{"loc":{"start":{"line":114,"column":4},"end":{"line":114,"column":46}},"type":"if","locations":[{"start":{"line":114,"column":4},"end":{"line":114,"column":46}},{"start":{},"end":{}}],"line":114},"14":{"loc":{"start":{"line":117,"column":4},"end":{"line":117,"column":46}},"type":"if","locations":[{"start":{"line":117,"column":4},"end":{"line":117,"column":46}},{"start":{},"end":{}}],"line":117},"15":{"loc":{"start":{"line":120,"column":4},"end":{"line":120,"column":46}},"type":"if","locations":[{"start":{"line":120,"column":4},"end":{"line":120,"column":46}},{"start":{},"end":{}}],"line":120},"16":{"loc":{"start":{"line":123,"column":4},"end":{"line":123,"column":78}},"type":"if","locations":[{"start":{"line":123,"column":4},"end":{"line":123,"column":78}},{"start":{},"end":{}}],"line":123},"17":{"loc":{"start":{"line":135,"column":4},"end":{"line":135,"column":29}},"type":"if","locations":[{"start":{"line":135,"column":4},"end":{"line":135,"column":29}},{"start":{},"end":{}}],"line":135},"18":{"loc":{"start":{"line":146,"column":4},"end":{"line":146,"column":28}},"type":"if","locations":[{"start":{"line":146,"column":4},"end":{"line":146,"column":28}},{"start":{},"end":{}}],"line":146},"19":{"loc":{"start":{"line":157,"column":4},"end":{"line":157,"column":54}},"type":"if","locations":[{"start":{"line":157,"column":4},"end":{"line":157,"column":54}},{"start":{},"end":{}}],"line":157},"20":{"loc":{"start":{"line":157,"column":8},"end":{"line":157,"column":39}},"type":"binary-expr","locations":[{"start":{"line":157,"column":8},"end":{"line":157,"column":14}},{"start":{"line":157,"column":18},"end":{"line":157,"column":39}}],"line":157},"21":{"loc":{"start":{"line":176,"column":8},"end":{"line":180,"column":9}},"type":"if","locations":[{"start":{"line":176,"column":8},"end":{"line":180,"column":9}},{"start":{},"end":{}}],"line":176},"22":{"loc":{"start":{"line":176,"column":12},"end":{"line":176,"column":48}},"type":"binary-expr","locations":[{"start":{"line":176,"column":12},"end":{"line":176,"column":26}},{"start":{"line":176,"column":30},"end":{"line":176,"column":48}}],"line":176},"23":{"loc":{"start":{"line":177,"column":28},"end":{"line":177,"column":78}},"type":"binary-expr","locations":[{"start":{"line":177,"column":28},"end":{"line":177,"column":49}},{"start":{"line":177,"column":53},"end":{"line":177,"column":78}}],"line":177},"24":{"loc":{"start":{"line":183,"column":8},"end":{"line":185,"column":9}},"type":"if","locations":[{"start":{"line":183,"column":8},"end":{"line":185,"column":9}},{"start":{},"end":{}}],"line":183},"25":{"loc":{"start":{"line":183,"column":12},"end":{"line":183,"column":49}},"type":"binary-expr","locations":[{"start":{"line":183,"column":12},"end":{"line":183,"column":30}},{"start":{"line":183,"column":34},"end":{"line":183,"column":49}}],"line":183},"26":{"loc":{"start":{"line":188,"column":8},"end":{"line":191,"column":9}},"type":"if","locations":[{"start":{"line":188,"column":8},"end":{"line":191,"column":9}},{"start":{},"end":{}}],"line":188},"27":{"loc":{"start":{"line":188,"column":12},"end":{"line":188,"column":47}},"type":"binary-expr","locations":[{"start":{"line":188,"column":12},"end":{"line":188,"column":23}},{"start":{"line":188,"column":27},"end":{"line":188,"column":47}}],"line":188},"28":{"loc":{"start":{"line":189,"column":28},"end":{"line":189,"column":80}},"type":"binary-expr","locations":[{"start":{"line":189,"column":28},"end":{"line":189,"column":46}},{"start":{"line":189,"column":50},"end":{"line":189,"column":80}}],"line":189},"29":{"loc":{"start":{"line":194,"column":8},"end":{"line":197,"column":9}},"type":"if","locations":[{"start":{"line":194,"column":8},"end":{"line":197,"column":9}},{"start":{},"end":{}}],"line":194},"30":{"loc":{"start":{"line":194,"column":12},"end":{"line":194,"column":44}},"type":"binary-expr","locations":[{"start":{"line":194,"column":12},"end":{"line":194,"column":24}},{"start":{"line":194,"column":28},"end":{"line":194,"column":44}}],"line":194},"31":{"loc":{"start":{"line":195,"column":28},"end":{"line":195,"column":71}},"type":"binary-expr","locations":[{"start":{"line":195,"column":28},"end":{"line":195,"column":47}},{"start":{"line":195,"column":51},"end":{"line":195,"column":71}}],"line":195},"32":{"loc":{"start":{"line":200,"column":8},"end":{"line":203,"column":9}},"type":"if","locations":[{"start":{"line":200,"column":8},"end":{"line":203,"column":9}},{"start":{},"end":{}}],"line":200},"33":{"loc":{"start":{"line":200,"column":12},"end":{"line":200,"column":48}},"type":"binary-expr","locations":[{"start":{"line":200,"column":12},"end":{"line":200,"column":26}},{"start":{"line":200,"column":30},"end":{"line":200,"column":48}}],"line":200},"34":{"loc":{"start":{"line":201,"column":28},"end":{"line":201,"column":82}},"type":"binary-expr","locations":[{"start":{"line":201,"column":28},"end":{"line":201,"column":49}},{"start":{"line":201,"column":53},"end":{"line":201,"column":82}}],"line":201},"35":{"loc":{"start":{"line":206,"column":8},"end":{"line":209,"column":9}},"type":"if","locations":[{"start":{"line":206,"column":8},"end":{"line":209,"column":9}},{"start":{},"end":{}}],"line":206},"36":{"loc":{"start":{"line":206,"column":12},"end":{"line":206,"column":105}},"type":"binary-expr","locations":[{"start":{"line":206,"column":12},"end":{"line":206,"column":35}},{"start":{"line":206,"column":39},"end":{"line":206,"column":62}},{"start":{"line":206,"column":66},"end":{"line":206,"column":105}}],"line":206},"37":{"loc":{"start":{"line":207,"column":28},"end":{"line":207,"column":96}},"type":"binary-expr","locations":[{"start":{"line":207,"column":28},"end":{"line":207,"column":46}},{"start":{"line":207,"column":50},"end":{"line":207,"column":96}}],"line":207},"38":{"loc":{"start":{"line":212,"column":8},"end":{"line":215,"column":9}},"type":"if","locations":[{"start":{"line":212,"column":8},"end":{"line":215,"column":9}},{"start":{},"end":{}}],"line":212},"39":{"loc":{"start":{"line":212,"column":12},"end":{"line":212,"column":68}},"type":"binary-expr","locations":[{"start":{"line":212,"column":12},"end":{"line":212,"column":27}},{"start":{"line":212,"column":31},"end":{"line":212,"column":68}}],"line":212},"40":{"loc":{"start":{"line":213,"column":28},"end":{"line":213,"column":105}},"type":"binary-expr","locations":[{"start":{"line":213,"column":28},"end":{"line":213,"column":50}},{"start":{"line":213,"column":54},"end":{"line":213,"column":105}}],"line":213},"41":{"loc":{"start":{"line":218,"column":8},"end":{"line":221,"column":9}},"type":"if","locations":[{"start":{"line":218,"column":8},"end":{"line":221,"column":9}},{"start":{},"end":{}}],"line":218},"42":{"loc":{"start":{"line":218,"column":12},"end":{"line":218,"column":68}},"type":"binary-expr","locations":[{"start":{"line":218,"column":12},"end":{"line":218,"column":27}},{"start":{"line":218,"column":31},"end":{"line":218,"column":68}}],"line":218},"43":{"loc":{"start":{"line":219,"column":28},"end":{"line":219,"column":108}},"type":"binary-expr","locations":[{"start":{"line":219,"column":28},"end":{"line":219,"column":50}},{"start":{"line":219,"column":54},"end":{"line":219,"column":108}}],"line":219},"44":{"loc":{"start":{"line":224,"column":8},"end":{"line":227,"column":9}},"type":"if","locations":[{"start":{"line":224,"column":8},"end":{"line":227,"column":9}},{"start":{},"end":{}}],"line":224},"45":{"loc":{"start":{"line":224,"column":12},"end":{"line":224,"column":45}},"type":"binary-expr","locations":[{"start":{"line":224,"column":12},"end":{"line":224,"column":22}},{"start":{"line":224,"column":26},"end":{"line":224,"column":45}}],"line":224},"46":{"loc":{"start":{"line":225,"column":28},"end":{"line":225,"column":66}},"type":"binary-expr","locations":[{"start":{"line":225,"column":28},"end":{"line":225,"column":45}},{"start":{"line":225,"column":49},"end":{"line":225,"column":66}}],"line":225},"47":{"loc":{"start":{"line":230,"column":8},"end":{"line":233,"column":9}},"type":"if","locations":[{"start":{"line":230,"column":8},"end":{"line":233,"column":9}},{"start":{},"end":{}}],"line":230},"48":{"loc":{"start":{"line":230,"column":12},"end":{"line":230,"column":52}},"type":"binary-expr","locations":[{"start":{"line":230,"column":12},"end":{"line":230,"column":28}},{"start":{"line":230,"column":32},"end":{"line":230,"column":52}}],"line":230},"49":{"loc":{"start":{"line":231,"column":28},"end":{"line":231,"column":87}},"type":"binary-expr","locations":[{"start":{"line":231,"column":28},"end":{"line":231,"column":51}},{"start":{"line":231,"column":55},"end":{"line":231,"column":87}}],"line":231},"50":{"loc":{"start":{"line":236,"column":8},"end":{"line":239,"column":9}},"type":"if","locations":[{"start":{"line":236,"column":8},"end":{"line":239,"column":9}},{"start":{},"end":{}}],"line":236},"51":{"loc":{"start":{"line":236,"column":12},"end":{"line":236,"column":48}},"type":"binary-expr","locations":[{"start":{"line":236,"column":12},"end":{"line":236,"column":26}},{"start":{"line":236,"column":30},"end":{"line":236,"column":48}}],"line":236},"52":{"loc":{"start":{"line":237,"column":28},"end":{"line":237,"column":85}},"type":"binary-expr","locations":[{"start":{"line":237,"column":28},"end":{"line":237,"column":49}},{"start":{"line":237,"column":53},"end":{"line":237,"column":85}}],"line":237},"53":{"loc":{"start":{"line":242,"column":8},"end":{"line":245,"column":9}},"type":"if","locations":[{"start":{"line":242,"column":8},"end":{"line":245,"column":9}},{"start":{},"end":{}}],"line":242},"54":{"loc":{"start":{"line":242,"column":12},"end":{"line":242,"column":82}},"type":"binary-expr","locations":[{"start":{"line":242,"column":12},"end":{"line":242,"column":32}},{"start":{"line":242,"column":36},"end":{"line":242,"column":82}}],"line":242},"55":{"loc":{"start":{"line":242,"column":61},"end":{"line":242,"column":81}},"type":"binary-expr","locations":[{"start":{"line":242,"column":61},"end":{"line":242,"column":76}},{"start":{"line":242,"column":80},"end":{"line":242,"column":81}}],"line":242},"56":{"loc":{"start":{"line":243,"column":28},"end":{"line":243,"column":111}},"type":"binary-expr","locations":[{"start":{"line":243,"column":28},"end":{"line":243,"column":55}},{"start":{"line":243,"column":59},"end":{"line":243,"column":111}}],"line":243},"57":{"loc":{"start":{"line":248,"column":8},"end":{"line":254,"column":9}},"type":"if","locations":[{"start":{"line":248,"column":8},"end":{"line":254,"column":9}},{"start":{},"end":{}}],"line":248},"58":{"loc":{"start":{"line":248,"column":12},"end":{"line":248,"column":68}},"type":"binary-expr","locations":[{"start":{"line":248,"column":12},"end":{"line":248,"column":27}},{"start":{"line":248,"column":31},"end":{"line":248,"column":68}}],"line":248},"59":{"loc":{"start":{"line":250,"column":12},"end":{"line":253,"column":13}},"type":"if","locations":[{"start":{"line":250,"column":12},"end":{"line":253,"column":13}},{"start":{},"end":{}}],"line":250},"60":{"loc":{"start":{"line":251,"column":32},"end":{"line":251,"column":75}},"type":"binary-expr","locations":[{"start":{"line":251,"column":32},"end":{"line":251,"column":54}},{"start":{"line":251,"column":58},"end":{"line":251,"column":75}}],"line":251}},"s":{"0":0,"1":0,"2":0,"3":0,"4":0,"5":0,"6":0,"7":0,"8":0,"9":0,"10":0,"11":0,"12":0,"13":0,"14":0,"15":0,"16":0,"17":0,"18":0,"19":0,"20":0,"21":0,"22":0,"23":0,"24":0,"25":0,"26":0,"27":0,"28":0,"29":0,"30":0,"31":0,"32":0,"33":0,"34":0,"35":0,"36":0,"37":0,"38":0,"39":0,"40":0,"41":0,"42":0,"43":0,"44":0,"45":0,"46":0,"47":0,"48":0,"49":0,"50":0,"51":0,"52":0,"53":0,"54":0,"55":0,"56":0,"57":0,"58":0,"59":0,"60":0,"61":0,"62":0,"63":0,"64":0,"65":0,"66":0,"67":0,"68":0,"69":0,"70":0,"71":0,"72":0,"73":0,"74":0,"75":0,"76":0,"77":0,"78":0,"79":0,"80":0,"81":0,"82":0,"83":0,"84":0,"85":0,"86":0,"87":0,"88":0,"89":0,"90":0,"91":0,"92":0,"93":0,"94":0,"95":0,"96":0,"97":0,"98":0,"99":0},"f":{"0":0,"1":0,"2":0,"3":0,"4":0,"5":0,"6":0,"7":0,"8":0,"9":0,"10":0,"11":0,"12":0},"b":{"0":[0,0],"1":[0,0,0],"2":[0,0],"3":[0,0,0],"4":[0,0],"5":[0,0],"6":[0,0],"7":[0,0],"8":[0,0],"9":[0,0],"10":[0],"11":[0,0],"12":[0,0],"13":[0,0],"14":[0,0],"15":[0,0],"16":[0,0],"17":[0,0],"18":[0,0],"19":[0,0],"20":[0,0],"21":[0,0],"22":[0,0],"23":[0,0],"24":[0,0],"25":[0,0],"26":[0,0],"27":[0,0],"28":[0,0],"29":[0,0],"30":[0,0],"31":[0,0],"32":[0,0],"33":[0,0],"34":[0,0],"35":[0,0],"36":[0,0,0],"37":[0,0],"38":[0,0],"39":[0,0],"40":[0,0],"41":[0,0],"42":[0,0],"43":[0,0],"44":[0,0],"45":[0,0],"46":[0,0],"47":[0,0],"48":[0,0],"49":[0,0],"50":[0,0],"51":[0,0],"52":[0,0],"53":[0,0],"54":[0,0],"55":[0,0],"56":[0,0],"57":[0,0],"58":[0,0],"59":[0,0],"60":[0,0]}}
}
