TN:
SF:js\utils\common-utils.js
FN:5,(anonymous_0)
FN:65,(anonymous_1)
FN:78,(anonymous_2)
FN:92,(anonymous_3)
FN:103,(anonymous_4)
FN:116,(anonymous_5)
FN:127,(anonymous_6)
FN:140,(anonymous_7)
FN:150,(anonymous_8)
FN:168,(anonymous_9)
FN:212,(anonymous_10)
FN:228,(anonymous_11)
FN:264,(anonymous_12)
FN:280,(anonymous_13)
FN:297,(anonymous_14)
FN:314,(anonymous_15)
FN:343,(anonymous_16)
FN:357,(anonymous_17)
FN:389,(anonymous_18)
FN:413,(anonymous_19)
FN:429,(anonymous_20)
FN:443,(anonymous_21)
FN:455,(anonymous_22)
FN:479,(anonymous_23)
FN:494,(anonymous_24)
FN:515,(anonymous_25)
FN:539,(anonymous_26)
FN:555,(anonymous_27)
FN:570,(anonymous_28)
FN:655,(anonymous_29)
FN:702,(anonymous_30)
FN:719,(anonymous_31)
FN:724,(anonymous_32)
FN:741,(anonymous_33)
FN:755,handleError
FNF:35
FNH:0
FNDA:0,(anonymous_0)
FNDA:0,(anonymous_1)
FNDA:0,(anonymous_2)
FNDA:0,(anonymous_3)
FNDA:0,(anonymous_4)
FNDA:0,(anonymous_5)
FNDA:0,(anonymous_6)
FNDA:0,(anonymous_7)
FNDA:0,(anonymous_8)
FNDA:0,(anonymous_9)
FNDA:0,(anonymous_10)
FNDA:0,(anonymous_11)
FNDA:0,(anonymous_12)
FNDA:0,(anonymous_13)
FNDA:0,(anonymous_14)
FNDA:0,(anonymous_15)
FNDA:0,(anonymous_16)
FNDA:0,(anonymous_17)
FNDA:0,(anonymous_18)
FNDA:0,(anonymous_19)
FNDA:0,(anonymous_20)
FNDA:0,(anonymous_21)
FNDA:0,(anonymous_22)
FNDA:0,(anonymous_23)
FNDA:0,(anonymous_24)
FNDA:0,(anonymous_25)
FNDA:0,(anonymous_26)
FNDA:0,(anonymous_27)
FNDA:0,(anonymous_28)
FNDA:0,(anonymous_29)
FNDA:0,(anonymous_30)
FNDA:0,(anonymous_31)
FNDA:0,(anonymous_32)
FNDA:0,(anonymous_33)
FNDA:0,handleError
DA:5,0
DA:9,0
DA:67,0
DA:68,0
DA:69,0
DA:70,0
DA:79,0
DA:80,0
DA:81,0
DA:82,0
DA:83,0
DA:84,0
DA:88,0
DA:89,0
DA:91,0
DA:92,0
DA:93,0
DA:104,0
DA:105,0
DA:106,0
DA:107,0
DA:108,0
DA:112,0
DA:113,0
DA:115,0
DA:116,0
DA:117,0
DA:128,0
DA:129,0
DA:130,0
DA:131,0
DA:132,0
DA:136,0
DA:137,0
DA:139,0
DA:140,0
DA:141,0
DA:151,0
DA:152,0
DA:153,0
DA:154,0
DA:155,0
DA:159,0
DA:169,0
DA:171,0
DA:172,0
DA:175,0
DA:176,0
DA:178,0
DA:179,0
DA:181,0
DA:182,0
DA:184,0
DA:185,0
DA:187,0
DA:188,0
DA:190,0
DA:191,0
DA:193,0
DA:195,0
DA:196,0
DA:199,0
DA:206,0
DA:213,0
DA:216,0
DA:229,0
DA:231,0
DA:234,0
DA:235,0
DA:238,0
DA:239,0
DA:242,0
DA:243,0
DA:247,0
DA:251,0
DA:258,0
DA:265,0
DA:266,0
DA:267,0
DA:269,0
DA:270,0
DA:272,0
DA:281,0
DA:282,0
DA:285,0
DA:286,0
DA:287,0
DA:289,0
DA:298,0
DA:299,0
DA:302,0
DA:303,0
DA:304,0
DA:306,0
DA:315,0
DA:316,0
DA:320,0
DA:321,0
DA:325,0
DA:328,0
DA:331,0
DA:344,0
DA:345,0
DA:348,0
DA:349,0
DA:358,0
DA:359,0
DA:364,0
DA:367,0
DA:368,0
DA:369,0
DA:374,0
DA:377,0
DA:378,0
DA:381,0
DA:390,0
DA:391,0
DA:395,0
DA:396,0
DA:397,0
DA:401,0
DA:404,0
DA:414,0
DA:415,0
DA:418,0
DA:419,0
DA:421,0
DA:430,0
DA:431,0
DA:434,0
DA:435,0
DA:444,0
DA:445,0
DA:446,0
DA:447,0
DA:456,0
DA:457,0
DA:459,0
DA:473,0
DA:480,0
DA:481,0
DA:485,0
DA:486,0
DA:495,0
DA:496,0
DA:499,0
DA:500,0
DA:503,0
DA:504,0
DA:507,0
DA:516,0
DA:517,0
DA:520,0
DA:521,0
DA:524,0
DA:526,0
DA:529,0
DA:540,0
DA:541,0
DA:544,0
DA:545,0
DA:556,0
DA:557,0
DA:560,0
DA:561,0
DA:571,0
DA:572,0
DA:574,0
DA:575,0
DA:578,0
DA:579,0
DA:580,0
DA:581,0
DA:585,0
DA:586,0
DA:587,0
DA:588,0
DA:592,0
DA:593,0
DA:594,0
DA:595,0
DA:599,0
DA:600,0
DA:601,0
DA:602,0
DA:606,0
DA:607,0
DA:608,0
DA:609,0
DA:613,0
DA:614,0
DA:615,0
DA:616,0
DA:620,0
DA:621,0
DA:622,0
DA:623,0
DA:627,0
DA:628,0
DA:629,0
DA:630,0
DA:631,0
DA:632,0
DA:637,0
DA:647,0
DA:656,0
DA:659,0
DA:660,0
DA:661,0
DA:662,0
DA:663,0
DA:664,0
DA:666,0
DA:667,0
DA:668,0
DA:670,0
DA:671,0
DA:672,0
DA:674,0
DA:679,0
DA:680,0
DA:681,0
DA:682,0
DA:683,0
DA:684,0
DA:685,0
DA:686,0
DA:687,0
DA:688,0
DA:689,0
DA:695,0
DA:703,0
DA:704,0
DA:707,0
DA:708,0
DA:720,0
DA:721,0
DA:724,0
DA:725,0
DA:727,0
DA:728,0
DA:729,0
DA:730,0
DA:742,0
DA:743,0
DA:746,0
DA:756,0
DA:758,0
DA:760,0
DA:761,0
DA:764,0
DA:765,0
DA:767,0
DA:768,0
DA:773,0
DA:776,0
DA:796,0
LF:257
LH:0
BRDA:78,0,0,0
BRDA:79,1,0,0
BRDA:79,1,1,0
BRDA:81,2,0,0
BRDA:81,2,1,0
BRDA:91,3,0,0
BRDA:91,3,1,0
BRDA:103,4,0,0
BRDA:104,5,0,0
BRDA:104,5,1,0
BRDA:106,6,0,0
BRDA:106,6,1,0
BRDA:115,7,0,0
BRDA:115,7,1,0
BRDA:127,8,0,0
BRDA:128,9,0,0
BRDA:128,9,1,0
BRDA:130,10,0,0
BRDA:130,10,1,0
BRDA:139,11,0,0
BRDA:139,11,1,0
BRDA:151,12,0,0
BRDA:151,12,1,0
BRDA:153,13,0,0
BRDA:153,13,1,0
BRDA:159,14,0,0
BRDA:159,14,1,0
BRDA:168,15,0,0
BRDA:171,16,0,0
BRDA:171,16,1,0
BRDA:171,17,0,0
BRDA:171,17,1,0
BRDA:172,18,0,0
BRDA:172,18,1,0
BRDA:172,18,2,0
BRDA:172,18,3,0
BRDA:172,18,4,0
BRDA:172,18,5,0
BRDA:172,18,6,0
BRDA:172,18,7,0
BRDA:195,19,0,0
BRDA:195,19,1,0
BRDA:195,20,0,0
BRDA:195,20,1,0
BRDA:213,21,0,0
BRDA:213,21,1,0
BRDA:229,22,0,0
BRDA:229,22,1,0
BRDA:238,23,0,0
BRDA:238,23,1,0
BRDA:238,24,0,0
BRDA:238,24,1,0
BRDA:242,25,0,0
BRDA:242,25,1,0
BRDA:264,26,0,0
BRDA:267,27,0,0
BRDA:267,27,1,0
BRDA:281,28,0,0
BRDA:281,28,1,0
BRDA:281,29,0,0
BRDA:281,29,1,0
BRDA:298,30,0,0
BRDA:298,30,1,0
BRDA:298,31,0,0
BRDA:298,31,1,0
BRDA:315,32,0,0
BRDA:315,32,1,0
BRDA:315,33,0,0
BRDA:315,33,1,0
BRDA:320,34,0,0
BRDA:320,34,1,0
BRDA:332,35,0,0
BRDA:332,35,1,0
BRDA:332,35,2,0
BRDA:344,36,0,0
BRDA:344,36,1,0
BRDA:344,37,0,0
BRDA:344,37,1,0
BRDA:358,38,0,0
BRDA:358,38,1,0
BRDA:358,39,0,0
BRDA:358,39,1,0
BRDA:368,40,0,0
BRDA:368,40,1,0
BRDA:377,41,0,0
BRDA:377,41,1,0
BRDA:390,42,0,0
BRDA:390,42,1,0
BRDA:390,43,0,0
BRDA:390,43,1,0
BRDA:396,44,0,0
BRDA:396,44,1,0
BRDA:404,45,0,0
BRDA:404,45,1,0
BRDA:414,46,0,0
BRDA:414,46,1,0
BRDA:414,47,0,0
BRDA:414,47,1,0
BRDA:430,48,0,0
BRDA:430,48,1,0
BRDA:443,49,0,0
BRDA:456,50,0,0
BRDA:456,50,1,0
BRDA:480,51,0,0
BRDA:480,51,1,0
BRDA:480,52,0,0
BRDA:480,52,1,0
BRDA:495,53,0,0
BRDA:495,53,1,0
BRDA:495,54,0,0
BRDA:495,54,1,0
BRDA:499,55,0,0
BRDA:499,55,1,0
BRDA:503,56,0,0
BRDA:503,56,1,0
BRDA:516,57,0,0
BRDA:516,57,1,0
BRDA:516,58,0,0
BRDA:516,58,1,0
BRDA:516,58,2,0
BRDA:520,59,0,0
BRDA:520,59,1,0
BRDA:524,60,0,0
BRDA:524,60,1,0
BRDA:540,61,0,0
BRDA:540,61,1,0
BRDA:545,62,0,0
BRDA:545,62,1,0
BRDA:556,63,0,0
BRDA:556,63,1,0
BRDA:561,64,0,0
BRDA:561,64,1,0
BRDA:578,65,0,0
BRDA:578,65,1,0
BRDA:578,66,0,0
BRDA:578,66,1,0
BRDA:579,67,0,0
BRDA:579,67,1,0
BRDA:585,68,0,0
BRDA:585,68,1,0
BRDA:585,69,0,0
BRDA:585,69,1,0
BRDA:585,69,2,0
BRDA:586,70,0,0
BRDA:586,70,1,0
BRDA:592,71,0,0
BRDA:592,71,1,0
BRDA:592,72,0,0
BRDA:592,72,1,0
BRDA:592,72,2,0
BRDA:593,73,0,0
BRDA:593,73,1,0
BRDA:599,74,0,0
BRDA:599,74,1,0
BRDA:599,75,0,0
BRDA:599,75,1,0
BRDA:599,75,2,0
BRDA:600,76,0,0
BRDA:600,76,1,0
BRDA:606,77,0,0
BRDA:606,77,1,0
BRDA:606,78,0,0
BRDA:606,78,1,0
BRDA:606,78,2,0
BRDA:607,79,0,0
BRDA:607,79,1,0
BRDA:613,80,0,0
BRDA:613,80,1,0
BRDA:613,81,0,0
BRDA:613,81,1,0
BRDA:613,81,2,0
BRDA:614,82,0,0
BRDA:614,82,1,0
BRDA:620,83,0,0
BRDA:620,83,1,0
BRDA:620,84,0,0
BRDA:620,84,1,0
BRDA:620,84,2,0
BRDA:621,85,0,0
BRDA:621,85,1,0
BRDA:627,86,0,0
BRDA:627,86,1,0
BRDA:627,87,0,0
BRDA:627,87,1,0
BRDA:629,88,0,0
BRDA:629,88,1,0
BRDA:630,89,0,0
BRDA:630,89,1,0
BRDA:655,90,0,0
BRDA:655,91,0,0
BRDA:660,92,0,0
BRDA:660,92,1,0
BRDA:662,93,0,0
BRDA:662,93,1,0
BRDA:666,94,0,0
BRDA:666,94,1,0
BRDA:666,95,0,0
BRDA:666,95,1,0
BRDA:670,96,0,0
BRDA:670,96,1,0
BRDA:670,97,0,0
BRDA:670,97,1,0
BRDA:679,98,0,0
BRDA:679,98,1,0
BRDA:680,99,0,0
BRDA:680,99,1,0
BRDA:682,100,0,0
BRDA:682,100,1,0
BRDA:684,101,0,0
BRDA:684,101,1,0
BRDA:686,102,0,0
BRDA:686,102,1,0
BRDA:688,103,0,0
BRDA:688,103,1,0
BRDA:703,104,0,0
BRDA:703,104,1,0
BRDA:703,105,0,0
BRDA:703,105,1,0
BRDA:720,106,0,0
BRDA:720,106,1,0
BRDA:720,107,0,0
BRDA:720,107,1,0
BRDA:728,108,0,0
BRDA:728,108,1,0
BRDA:728,109,0,0
BRDA:728,109,1,0
BRDA:742,110,0,0
BRDA:742,110,1,0
BRDA:742,111,0,0
BRDA:742,111,1,0
BRDA:746,112,0,0
BRDA:746,112,1,0
BRDA:755,113,0,0
BRDA:760,114,0,0
BRDA:760,114,1,0
BRDA:760,115,0,0
BRDA:760,115,1,0
BRDA:764,116,0,0
BRDA:764,116,1,0
BRF:239
BRH:0
end_of_record
TN:
SF:js\utils\error-handler.js
FN:9,handleFirestoreError
FN:70,showUIError
FN:80,(anonymous_2)
FN:97,showUISuccess
FN:105,(anonymous_4)
FN:121,toggleLoadingIndicator
FN:129,(anonymous_6)
FNF:7
FNH:0
FNDA:0,handleFirestoreError
FNDA:0,showUIError
FNDA:0,(anonymous_2)
FNDA:0,showUISuccess
FNDA:0,(anonymous_4)
FNDA:0,toggleLoadingIndicator
FNDA:0,(anonymous_6)
DA:10,0
DA:11,0
DA:13,0
DA:16,0
DA:19,0
DA:20,0
DA:22,0
DA:24,0
DA:26,0
DA:28,0
DA:30,0
DA:32,0
DA:34,0
DA:36,0
DA:38,0
DA:40,0
DA:42,0
DA:44,0
DA:47,0
DA:52,0
DA:53,0
DA:57,0
DA:58,0
DA:62,0
DA:72,0
DA:74,0
DA:75,0
DA:76,0
DA:79,0
DA:80,0
DA:81,0
DA:86,0
DA:88,0
DA:98,0
DA:99,0
DA:100,0
DA:101,0
DA:104,0
DA:105,0
DA:106,0
DA:111,0
DA:113,0
DA:122,0
DA:123,0
DA:124,0
DA:128,0
DA:129,0
DA:130,0
DA:135,0
LF:49
LH:0
BRDA:9,0,0,0
BRDA:10,1,0,0
BRDA:10,1,1,0
BRDA:10,2,0,0
BRDA:10,2,1,0
BRDA:16,3,0,0
BRDA:16,3,1,0
BRDA:19,4,0,0
BRDA:19,4,1,0
BRDA:20,5,0,0
BRDA:20,5,1,0
BRDA:20,5,2,0
BRDA:20,5,3,0
BRDA:20,5,4,0
BRDA:20,5,5,0
BRDA:20,5,6,0
BRDA:20,5,7,0
BRDA:20,5,8,0
BRDA:20,5,9,0
BRDA:20,5,10,0
BRDA:20,5,11,0
BRDA:20,5,12,0
BRDA:52,6,0,0
BRDA:52,6,1,0
BRDA:52,7,0,0
BRDA:52,7,1,0
BRDA:57,8,0,0
BRDA:57,8,1,0
BRDA:57,9,0,0
BRDA:57,9,1,0
BRDA:57,9,2,0
BRDA:70,10,0,0
BRDA:74,11,0,0
BRDA:74,11,1,0
BRDA:79,12,0,0
BRDA:79,12,1,0
BRDA:97,13,0,0
BRDA:99,14,0,0
BRDA:99,14,1,0
BRDA:104,15,0,0
BRDA:104,15,1,0
BRDA:123,16,0,0
BRDA:123,16,1,0
BRDA:124,17,0,0
BRDA:124,17,1,0
BRF:45
BRH:0
end_of_record
TN:
SF:js\utils\logger.js
FN:28,log
FN:53,debug
FN:57,info
FN:61,warn
FN:65,error
FNF:5
FNH:0
FNDA:0,log
FNDA:0,debug
FNDA:0,info
FNDA:0,warn
FNDA:0,error
DA:6,0
DA:18,0
DA:20,0
DA:29,0
DA:30,0
DA:31,0
DA:33,0
DA:35,0
DA:36,0
DA:38,0
DA:39,0
DA:41,0
DA:42,0
DA:44,0
DA:45,0
DA:54,0
DA:58,0
DA:62,0
DA:66,0
DA:70,0
LF:20
LH:0
BRDA:18,0,0,0
BRDA:18,0,1,0
BRDA:20,1,0,0
BRDA:20,1,1,0
BRDA:29,2,0,0
BRDA:29,2,1,0
BRDA:33,3,0,0
BRDA:33,3,1,0
BRDA:33,3,2,0
BRDA:33,3,3,0
BRDA:35,4,0,0
BRDA:35,4,1,0
BRDA:38,5,0,0
BRDA:38,5,1,0
BRDA:41,6,0,0
BRDA:41,6,1,0
BRDA:44,7,0,0
BRDA:44,7,1,0
BRF:18
BRH:0
end_of_record
TN:
SF:js\utils\date\date-utils.js
FN:19,adminToCoordinatorFormat
FN:29,coordinatorToAdminFormat
FN:39,getMonday
FN:50,formatDate
FN:62,formatDateDisplay
FNF:5
FNH:0
FNDA:0,adminToCoordinatorFormat
FNDA:0,coordinatorToAdminFormat
FNDA:0,getMonday
FNDA:0,formatDate
FNDA:0,formatDateDisplay
DA:6,0
DA:20,0
DA:21,0
DA:30,0
DA:31,0
DA:40,0
DA:41,0
DA:42,0
DA:51,0
DA:52,0
DA:53,0
DA:54,0
DA:63,0
DA:64,0
DA:65,0
DA:66,0
DA:70,0
LF:17
LH:0
BRDA:21,0,0,0
BRDA:21,0,1,0
BRDA:31,1,0,0
BRDA:31,1,1,0
BRDA:41,2,0,0
BRDA:41,2,1,0
BRF:6
BRH:0
end_of_record
TN:
SF:js\utils\formatting\data-formatter.js
FN:8,formatDateForDB
FN:20,formatDateForDisplay
FN:25,(anonymous_2)
FN:44,getDayOfWeekName
FN:50,(anonymous_4)
FN:66,getMonday
FN:79,formatCurrency
FN:92,formatNumber
FN:101,formatTimestamp
FN:121,timestampToDate
FN:135,truncateText
FN:151,objectsToCSV
FN:157,(anonymous_12)
FN:160,(anonymous_13)
FN:161,(anonymous_14)
FN:189,normalizeMenuData
FN:210,(anonymous_16)
FN:226,formatEmployeeData
FN:244,getWeekDateRange
FN:266,getPaginatedData
FN:298,formatCSVForDownload
FN:302,(anonymous_21)
FN:305,(anonymous_22)
FN:306,(anonymous_23)
FN:335,parseCSVData
FN:341,(anonymous_25)
FN:391,(anonymous_26)
FNF:27
FNH:0
FNDA:0,formatDateForDB
FNDA:0,formatDateForDisplay
FNDA:0,(anonymous_2)
FNDA:0,getDayOfWeekName
FNDA:0,(anonymous_4)
FNDA:0,getMonday
FNDA:0,formatCurrency
FNDA:0,formatNumber
FNDA:0,formatTimestamp
FNDA:0,timestampToDate
FNDA:0,truncateText
FNDA:0,objectsToCSV
FNDA:0,(anonymous_12)
FNDA:0,(anonymous_13)
FNDA:0,(anonymous_14)
FNDA:0,normalizeMenuData
FNDA:0,(anonymous_16)
FNDA:0,formatEmployeeData
FNDA:0,getWeekDateRange
FNDA:0,getPaginatedData
FNDA:0,formatCSVForDownload
FNDA:0,(anonymous_21)
FNDA:0,(anonymous_22)
FNDA:0,(anonymous_23)
FNDA:0,parseCSVData
FNDA:0,(anonymous_25)
FNDA:0,(anonymous_26)
DA:9,0
DA:10,0
DA:11,0
DA:12,0
DA:23,0
DA:25,0
DA:26,0
DA:27,0
DA:28,0
DA:30,0
DA:33,0
DA:34,0
DA:35,0
DA:36,0
DA:45,0
DA:48,0
DA:50,0
DA:51,0
DA:52,0
DA:53,0
DA:55,0
DA:58,0
DA:67,0
DA:68,0
DA:69,0
DA:80,0
DA:93,0
DA:102,0
DA:103,0
DA:106,0
DA:107,0
DA:108,0
DA:109,0
DA:110,0
DA:111,0
DA:113,0
DA:122,0
DA:123,0
DA:126,0
DA:136,0
DA:138,0
DA:139,0
DA:142,0
DA:152,0
DA:153,0
DA:157,0
DA:160,0
DA:161,0
DA:162,0
DA:165,0
DA:166,0
DA:167,0
DA:169,0
DA:170,0
DA:171,0
DA:175,0
DA:180,0
DA:191,0
DA:192,0
DA:196,0
DA:199,0
DA:200,0
DA:204,0
DA:208,0
DA:210,0
DA:211,0
DA:212,0
DA:213,0
DA:214,0
DA:218,0
DA:227,0
DA:245,0
DA:246,0
DA:247,0
DA:249,0
DA:267,0
DA:268,0
DA:271,0
DA:274,0
DA:275,0
DA:277,0
DA:299,0
DA:302,0
DA:305,0
DA:306,0
DA:307,0
DA:310,0
DA:311,0
DA:312,0
DA:314,0
DA:315,0
DA:316,0
DA:320,0
DA:323,0
DA:326,0
DA:336,0
DA:337,0
DA:340,0
DA:341,0
DA:342,0
DA:348,0
DA:349,0
DA:350,0
DA:351,0
DA:354,0
DA:355,0
DA:356,0
DA:358,0
DA:359,0
DA:361,0
DA:362,0
DA:364,0
DA:365,0
DA:368,0
DA:370,0
DA:372,0
DA:373,0
DA:376,0
DA:381,0
DA:384,0
DA:385,0
DA:386,0
DA:390,0
DA:391,0
DA:392,0
DA:396,0
DA:397,0
DA:398,0
DA:401,0
DA:402,0
DA:406,0
DA:407,0
DA:410,0
DA:414,0
DA:417,0
LF:135
LH:0
BRDA:23,0,0,0
BRDA:23,0,1,0
BRDA:27,1,0,0
BRDA:27,1,1,0
BRDA:48,2,0,0
BRDA:48,2,1,0
BRDA:52,3,0,0
BRDA:52,3,1,0
BRDA:68,4,0,0
BRDA:68,4,1,0
BRDA:79,5,0,0
BRDA:79,6,0,0
BRDA:92,7,0,0
BRDA:102,8,0,0
BRDA:102,8,1,0
BRDA:102,9,0,0
BRDA:102,9,1,0
BRDA:122,10,0,0
BRDA:122,10,1,0
BRDA:122,11,0,0
BRDA:122,11,1,0
BRDA:135,12,0,0
BRDA:136,13,0,0
BRDA:136,13,1,0
BRDA:138,14,0,0
BRDA:138,14,1,0
BRDA:152,15,0,0
BRDA:152,15,1,0
BRDA:152,16,0,0
BRDA:152,16,1,0
BRDA:152,16,2,0
BRDA:152,16,3,0
BRDA:165,17,0,0
BRDA:165,17,1,0
BRDA:165,18,0,0
BRDA:165,18,1,0
BRDA:167,19,0,0
BRDA:167,19,1,0
BRDA:170,20,0,0
BRDA:170,20,1,0
BRDA:170,21,0,0
BRDA:170,21,1,0
BRDA:170,21,2,0
BRDA:191,22,0,0
BRDA:191,22,1,0
BRDA:191,23,0,0
BRDA:191,23,1,0
BRDA:191,23,2,0
BRDA:211,24,0,0
BRDA:211,24,1,0
BRDA:213,25,0,0
BRDA:213,25,1,0
BRDA:229,26,0,0
BRDA:229,26,1,0
BRDA:230,27,0,0
BRDA:230,27,1,0
BRDA:231,28,0,0
BRDA:231,28,1,0
BRDA:233,29,0,0
BRDA:233,29,1,0
BRDA:234,30,0,0
BRDA:234,30,1,0
BRDA:235,31,0,0
BRDA:235,31,1,0
BRDA:266,32,0,0
BRDA:266,33,0,0
BRDA:271,34,0,0
BRDA:271,34,1,0
BRDA:310,35,0,0
BRDA:310,35,1,0
BRDA:310,36,0,0
BRDA:310,36,1,0
BRDA:312,37,0,0
BRDA:312,37,1,0
BRDA:315,38,0,0
BRDA:315,38,1,0
BRDA:315,39,0,0
BRDA:315,39,1,0
BRDA:315,39,2,0
BRDA:335,40,0,0
BRDA:337,41,0,0
BRDA:337,41,1,0
BRDA:342,42,0,0
BRDA:342,42,1,0
BRDA:351,43,0,0
BRDA:351,43,1,0
BRDA:361,44,0,0
BRDA:361,44,1,0
BRDA:362,45,0,0
BRDA:362,45,1,0
BRDA:362,46,0,0
BRDA:362,46,1,0
BRDA:370,47,0,0
BRDA:370,47,1,0
BRDA:370,48,0,0
BRDA:370,48,1,0
BRDA:384,49,0,0
BRDA:384,49,1,0
BRDA:392,50,0,0
BRDA:392,50,1,0
BRDA:396,51,0,0
BRDA:396,51,1,0
BRDA:401,52,0,0
BRDA:401,52,1,0
BRDA:406,53,0,0
BRDA:406,53,1,0
BRDA:407,54,0,0
BRDA:407,54,1,0
BRDA:410,55,0,0
BRDA:410,55,1,0
BRDA:410,56,0,0
BRDA:410,56,1,0
BRF:112
BRH:0
end_of_record
TN:
SF:js\utils\formatting\excel-handler.js
FN:7,isXLSXAvailable
FN:16,readExcelFile
FN:17,(anonymous_2)
FN:25,(anonymous_3)
FN:79,(anonymous_4)
FN:97,handleExcelError
FN:129,generateEmployeeTemplate
FN:154,generateMenuTemplate
FN:168,(anonymous_8)
FN:191,exportToExcel
FN:220,processEmployeeExcelData
FN:228,(anonymous_11)
FN:230,(anonymous_12)
FN:232,(anonymous_13)
FNF:14
FNH:0
FNDA:0,isXLSXAvailable
FNDA:0,readExcelFile
FNDA:0,(anonymous_2)
FNDA:0,(anonymous_3)
FNDA:0,(anonymous_4)
FNDA:0,handleExcelError
FNDA:0,generateEmployeeTemplate
FNDA:0,generateMenuTemplate
FNDA:0,(anonymous_8)
FNDA:0,exportToExcel
FNDA:0,processEmployeeExcelData
FNDA:0,(anonymous_11)
FNDA:0,(anonymous_12)
FNDA:0,(anonymous_13)
DA:8,0
DA:17,0
DA:18,0
DA:19,0
DA:20,0
DA:23,0
DA:25,0
DA:26,0
DA:27,0
DA:30,0
DA:31,0
DA:34,0
DA:35,0
DA:39,0
DA:40,0
DA:43,0
DA:44,0
DA:48,0
DA:54,0
DA:55,0
DA:57,0
DA:60,0
DA:62,0
DA:63,0
DA:65,0
DA:67,0
DA:70,0
DA:71,0
DA:73,0
DA:75,0
DA:79,0
DA:80,0
DA:81,0
DA:83,0
DA:85,0
DA:88,0
DA:98,0
DA:101,0
DA:102,0
DA:106,0
DA:108,0
DA:112,0
DA:113,0
DA:117,0
DA:118,0
DA:122,0
DA:130,0
DA:131,0
DA:135,0
DA:142,0
DA:143,0
DA:146,0
DA:147,0
DA:155,0
DA:156,0
DA:160,0
DA:165,0
DA:168,0
DA:170,0
DA:177,0
DA:181,0
DA:182,0
DA:192,0
DA:193,0
DA:199,0
DA:201,0
DA:204,0
DA:208,0
DA:209,0
DA:212,0
DA:222,0
DA:223,0
DA:227,0
DA:228,0
DA:230,0
DA:232,0
DA:236,0
DA:237,0
DA:240,0
DA:241,0
DA:244,0
DA:245,0
DA:248,0
DA:249,0
DA:253,0
DA:254,0
DA:255,0
DA:258,0
DA:259,0
DA:260,0
DA:261,0
DA:265,0
DA:272,0
DA:275,0
DA:279,0
LF:95
LH:0
BRDA:18,0,0,0
BRDA:18,0,1,0
BRDA:34,1,0,0
BRDA:34,1,1,0
BRDA:34,2,0,0
BRDA:34,2,1,0
BRDA:43,3,0,0
BRDA:43,3,1,0
BRDA:54,4,0,0
BRDA:54,4,1,0
BRDA:54,5,0,0
BRDA:54,5,1,0
BRDA:62,6,0,0
BRDA:62,6,1,0
BRDA:62,7,0,0
BRDA:62,7,1,0
BRDA:70,8,0,0
BRDA:70,8,1,0
BRDA:70,9,0,0
BRDA:70,9,1,0
BRDA:80,10,0,0
BRDA:80,10,1,0
BRDA:80,11,0,0
BRDA:80,11,1,0
BRDA:98,12,0,0
BRDA:98,12,1,0
BRDA:101,13,0,0
BRDA:101,13,1,0
BRDA:101,14,0,0
BRDA:101,14,1,0
BRDA:106,15,0,0
BRDA:106,15,1,0
BRDA:106,16,0,0
BRDA:106,16,1,0
BRDA:106,16,2,0
BRDA:106,16,3,0
BRDA:112,17,0,0
BRDA:112,17,1,0
BRDA:112,18,0,0
BRDA:112,18,1,0
BRDA:117,19,0,0
BRDA:117,19,1,0
BRDA:117,20,0,0
BRDA:117,20,1,0
BRDA:130,21,0,0
BRDA:130,21,1,0
BRDA:155,22,0,0
BRDA:155,22,1,0
BRDA:160,23,0,0
BRDA:160,23,1,0
BRDA:160,24,0,0
BRDA:160,24,1,0
BRDA:191,25,0,0
BRDA:192,26,0,0
BRDA:192,26,1,0
BRDA:199,27,0,0
BRDA:199,27,1,0
BRDA:199,28,0,0
BRDA:199,28,1,0
BRDA:199,28,2,0
BRDA:222,29,0,0
BRDA:222,29,1,0
BRDA:222,30,0,0
BRDA:222,30,1,0
BRDA:222,30,2,0
BRDA:228,31,0,0
BRDA:228,31,1,0
BRDA:230,32,0,0
BRDA:230,32,1,0
BRDA:232,33,0,0
BRDA:232,33,1,0
BRDA:236,34,0,0
BRDA:236,34,1,0
BRDA:236,35,0,0
BRDA:236,35,1,0
BRDA:248,36,0,0
BRDA:248,36,1,0
BRDA:248,37,0,0
BRDA:248,37,1,0
BRDA:253,38,0,0
BRDA:253,38,1,0
BRDA:258,39,0,0
BRDA:258,39,1,0
BRDA:259,40,0,0
BRDA:259,40,1,0
BRDA:259,41,0,0
BRDA:259,41,1,0
BRDA:259,41,2,0
BRDA:267,42,0,0
BRDA:267,42,1,0
BRDA:267,43,0,0
BRDA:267,43,1,0
BRF:92
BRH:0
end_of_record
TN:
SF:js\utils\formatting\excel-parser.js
FN:12,parseMenuExcel
FN:13,(anonymous_1)
FN:15,(anonymous_2)
FN:67,parseEmployeesExcel
FN:68,(anonymous_4)
FN:70,(anonymous_5)
FN:94,validateMenuExcelFormat
FN:105,validateEmployeesExcelFormat
FN:115,createMenuExcelTemplate
FN:139,createEmployeesExcelTemplate
FNF:10
FNH:0
FNDA:0,parseMenuExcel
FNDA:0,(anonymous_1)
FNDA:0,(anonymous_2)
FNDA:0,parseEmployeesExcel
FNDA:0,(anonymous_4)
FNDA:0,(anonymous_5)
FNDA:0,validateMenuExcelFormat
FNDA:0,validateEmployeesExcelFormat
FNDA:0,createMenuExcelTemplate
FNDA:0,createEmployeesExcelTemplate
DA:13,0
DA:15,0
DA:16,0
DA:21,0
DA:54,0
DA:56,0
DA:68,0
DA:70,0
DA:71,0
DA:73,0
DA:81,0
DA:83,0
DA:97,0
DA:108,0
DA:119,0
DA:131,0
DA:132,0
DA:143,0
DA:154,0
DA:155,0
LF:20
LH:0
BRF:0
BRH:0
end_of_record
TN:
SF:js\utils\validation\validators.js
FN:8,isValidEmail
FN:21,isNotEmpty
FN:30,isNumber
FN:40,isPositive
FN:52,isInRange
FN:63,isValidDate
FN:76,isFutureDate
FN:91,isPastDate
FN:107,isStrongPassword
FN:134,hasMinLength
FN:145,hasMaxLength
FN:156,isInArray
FN:167,validateForm
FNF:13
FNH:0
FNDA:0,isValidEmail
FNDA:0,isNotEmpty
FNDA:0,isNumber
FNDA:0,isPositive
FNDA:0,isInRange
FNDA:0,isValidDate
FNDA:0,isFutureDate
FNDA:0,isPastDate
FNDA:0,isStrongPassword
FNDA:0,hasMinLength
FNDA:0,hasMaxLength
FNDA:0,isInArray
FNDA:0,validateForm
DA:9,0
DA:12,0
DA:13,0
DA:22,0
DA:31,0
DA:32,0
DA:41,0
DA:42,0
DA:53,0
DA:54,0
DA:55,0
DA:64,0
DA:67,0
DA:68,0
DA:77,0
DA:79,0
DA:80,0
DA:81,0
DA:83,0
DA:92,0
DA:94,0
DA:95,0
DA:96,0
DA:98,0
DA:108,0
DA:111,0
DA:114,0
DA:117,0
DA:120,0
DA:123,0
DA:125,0
DA:135,0
DA:136,0
DA:146,0
DA:147,0
DA:157,0
DA:158,0
DA:168,0
DA:169,0
DA:171,0
DA:172,0
DA:173,0
DA:176,0
DA:177,0
DA:178,0
DA:179,0
DA:183,0
DA:184,0
DA:188,0
DA:189,0
DA:190,0
DA:194,0
DA:195,0
DA:196,0
DA:200,0
DA:201,0
DA:202,0
DA:206,0
DA:207,0
DA:208,0
DA:212,0
DA:213,0
DA:214,0
DA:218,0
DA:219,0
DA:220,0
DA:224,0
DA:225,0
DA:226,0
DA:230,0
DA:231,0
DA:232,0
DA:236,0
DA:237,0
DA:238,0
DA:242,0
DA:243,0
DA:244,0
DA:248,0
DA:249,0
DA:250,0
DA:251,0
DA:252,0
DA:257,0
LF:84
LH:0
BRDA:9,0,0,0
BRDA:9,0,1,0
BRDA:22,1,0,0
BRDA:22,1,1,0
BRDA:22,1,2,0
BRDA:31,2,0,0
BRDA:31,2,1,0
BRDA:31,3,0,0
BRDA:31,3,1,0
BRDA:31,3,2,0
BRDA:41,4,0,0
BRDA:41,4,1,0
BRDA:53,5,0,0
BRDA:53,5,1,0
BRDA:55,6,0,0
BRDA:55,6,1,0
BRDA:64,7,0,0
BRDA:64,7,1,0
BRDA:77,8,0,0
BRDA:77,8,1,0
BRDA:92,9,0,0
BRDA:92,9,1,0
BRDA:107,10,0,0
BRDA:108,11,0,0
BRDA:108,11,1,0
BRDA:111,12,0,0
BRDA:111,12,1,0
BRDA:114,13,0,0
BRDA:114,13,1,0
BRDA:117,14,0,0
BRDA:117,14,1,0
BRDA:120,15,0,0
BRDA:120,15,1,0
BRDA:123,16,0,0
BRDA:123,16,1,0
BRDA:135,17,0,0
BRDA:135,17,1,0
BRDA:146,18,0,0
BRDA:146,18,1,0
BRDA:157,19,0,0
BRDA:157,19,1,0
BRDA:157,20,0,0
BRDA:157,20,1,0
BRDA:176,21,0,0
BRDA:176,21,1,0
BRDA:176,22,0,0
BRDA:176,22,1,0
BRDA:177,23,0,0
BRDA:177,23,1,0
BRDA:183,24,0,0
BRDA:183,24,1,0
BRDA:183,25,0,0
BRDA:183,25,1,0
BRDA:188,26,0,0
BRDA:188,26,1,0
BRDA:188,27,0,0
BRDA:188,27,1,0
BRDA:189,28,0,0
BRDA:189,28,1,0
BRDA:194,29,0,0
BRDA:194,29,1,0
BRDA:194,30,0,0
BRDA:194,30,1,0
BRDA:195,31,0,0
BRDA:195,31,1,0
BRDA:200,32,0,0
BRDA:200,32,1,0
BRDA:200,33,0,0
BRDA:200,33,1,0
BRDA:201,34,0,0
BRDA:201,34,1,0
BRDA:206,35,0,0
BRDA:206,35,1,0
BRDA:206,36,0,0
BRDA:206,36,1,0
BRDA:206,36,2,0
BRDA:207,37,0,0
BRDA:207,37,1,0
BRDA:212,38,0,0
BRDA:212,38,1,0
BRDA:212,39,0,0
BRDA:212,39,1,0
BRDA:213,40,0,0
BRDA:213,40,1,0
BRDA:218,41,0,0
BRDA:218,41,1,0
BRDA:218,42,0,0
BRDA:218,42,1,0
BRDA:219,43,0,0
BRDA:219,43,1,0
BRDA:224,44,0,0
BRDA:224,44,1,0
BRDA:224,45,0,0
BRDA:224,45,1,0
BRDA:225,46,0,0
BRDA:225,46,1,0
BRDA:230,47,0,0
BRDA:230,47,1,0
BRDA:230,48,0,0
BRDA:230,48,1,0
BRDA:231,49,0,0
BRDA:231,49,1,0
BRDA:236,50,0,0
BRDA:236,50,1,0
BRDA:236,51,0,0
BRDA:236,51,1,0
BRDA:237,52,0,0
BRDA:237,52,1,0
BRDA:242,53,0,0
BRDA:242,53,1,0
BRDA:242,54,0,0
BRDA:242,54,1,0
BRDA:242,55,0,0
BRDA:242,55,1,0
BRDA:243,56,0,0
BRDA:243,56,1,0
BRDA:248,57,0,0
BRDA:248,57,1,0
BRDA:248,58,0,0
BRDA:248,58,1,0
BRDA:250,59,0,0
BRDA:250,59,1,0
BRDA:251,60,0,0
BRDA:251,60,1,0
BRF:124
BRH:0
end_of_record
